Start testing: Feb 11 19:05 UTC
----------------------------------------------------------
1/25 Testing: eccodes_t_definitions
1/25 Test: eccodes_t_definitions
Command: "/home/ubuntu/environment/python_grib/Sources_Eccodes/eccodes-2.15.0-Source/tests/definitions.sh"
Directory: /home/ubuntu/environment/python_grib/Sources_Eccodes/build/tests
"eccodes_t_definitions" start time: Feb 11 19:05 UTC
Output:
----------------------------------------------------------
+ proj_dir=/home/ubuntu/environment/python_grib/Sources_Eccodes/eccodes-2.15.0-Source
+ build_dir=/home/ubuntu/environment/python_grib/Sources_Eccodes/build
+ data_dir=/home/ubuntu/environment/python_grib/Sources_Eccodes/build/data
+ def_dir=/home/ubuntu/environment/python_grib/Sources_Eccodes/build/share/eccodes/definitions
+ ECCODES_DEFINITION_PATH=/home/ubuntu/environment/python_grib/Sources_Eccodes/build/share/eccodes/definitions
+ export ECCODES_DEFINITION_PATH
+ tools_dir=/home/ubuntu/environment/python_grib/Sources_Eccodes/build/bin
+ tigge_dir=/home/ubuntu/environment/python_grib/Sources_Eccodes/build/bin
+ EXEC=
+ test x != x
+ test_dir=/home/ubuntu/environment/python_grib/Sources_Eccodes/build/tests
+ samp_dir=/home/ubuntu/environment/python_grib/Sources_Eccodes/build/share/eccodes/samples
+ ECCODES_SAMPLES_PATH=/home/ubuntu/environment/python_grib/Sources_Eccodes/build/share/eccodes/samples
+ export ECCODES_SAMPLES_PATH
+ HAVE_JPEG=0
+ HAVE_LIBJASPER=0
+ HAVE_LIBOPENJPEG=0
+ HAVE_PNG=0
+ HAVE_AEC=0
+ HAVE_EXTRA_TESTS=0
+ HAVE_MEMFS=0
+ pwd
+ echo Current directory: /home/ubuntu/environment/python_grib/Sources_Eccodes/build/tests
Current directory: /home/ubuntu/environment/python_grib/Sources_Eccodes/build/tests
+ REDIRECT=/dev/null
+ [ -z /home/ubuntu/environment/python_grib/Sources_Eccodes/build/share/eccodes/definitions ]
+ /home/ubuntu/environment/python_grib/Sources_Eccodes/build/bin/codes_info -d
+ ECCODES_DEFINITION_PATH=/home/ubuntu/environment/python_grib/Sources_Eccodes/build/share/eccodes/definitions
+ grep -v grib3/
+ find /home/ubuntu/environment/python_grib/Sources_Eccodes/build/share/eccodes/definitions/ -name *.def -print
+ /home/ubuntu/environment/python_grib/Sources_Eccodes/build/bin/codes_parser /home/ubuntu/environment/python_grib/Sources_Eccodes/build/share/eccodes/definitions/tide/section.4.def
+ /home/ubuntu/environment/python_grib/Sources_Eccodes/build/bin/codes_parser /home/ubuntu/environment/python_grib/Sources_Eccodes/build/share/eccodes/definitions/tide/mars_labeling.def
+ /home/ubuntu/environment/python_grib/Sources_Eccodes/build/bin/codes_parser /home/ubuntu/environment/python_grib/Sources_Eccodes/build/share/eccodes/definitions/tide/boot.def
+ /home/ubuntu/environment/python_grib/Sources_Eccodes/build/bin/codes_parser /home/ubuntu/environment/python_grib/Sources_Eccodes/build/share/eccodes/definitions/tide/section.1.def
+ /home/ubuntu/environment/python_grib/Sources_Eccodes/build/bin/codes_parser /home/ubuntu/environment/python_grib/Sources_Eccodes/build/share/eccodes/definitions/grib2/template.3.42.def
+ /home/ubuntu/environment/python_grib/Sources_Eccodes/build/bin/codes_parser /home/ubuntu/environment/python_grib/Sources_Eccodes/build/share/eccodes/definitions/grib2/template.3.90.def
+ /home/ubuntu/environment/python_grib/Sources_Eccodes/build/bin/codes_parser /home/ubuntu/environment/python_grib/Sources_Eccodes/build/share/eccodes/definitions/grib2/template.4.1.def
+ /home/ubuntu/environment/python_grib/Sources_Eccodes/build/bin/codes_parser /home/ubuntu/environment/python_grib/Sources_Eccodes/build/share/eccodes/definitions/grib2/template.4.circular_cluster.def
+ /home/ubuntu/environment/python_grib/Sources_Eccodes/build/bin/codes_parser /home/ubuntu/environment/python_grib/Sources_Eccodes/build/share/eccodes/definitions/grib2/template.4.parameter_aerosol_optical.def
+ /home/ubuntu/environment/python_grib/Sources_Eccodes/build/bin/codes_parser /home/ubuntu/environment/python_grib/Sources_Eccodes/build/share/eccodes/definitions/grib2/template.4.7.def
+ /home/ubuntu/environment/python_grib/Sources_Eccodes/build/bin/codes_parser /home/ubuntu/environment/python_grib/Sources_Eccodes/build/share/eccodes/definitions/grib2/template.7.42.def
+ /home/ubuntu/environment/python_grib/Sources_Eccodes/build/bin/codes_parser /home/ubuntu/environment/python_grib/Sources_Eccodes/build/share/eccodes/definitions/grib2/template.1.offset.def
+ /home/ubuntu/environment/python_grib/Sources_Eccodes/build/bin/codes_parser /home/ubuntu/environment/python_grib/Sources_Eccodes/build/share/eccodes/definitions/grib2/template.1.0.def
+ /home/ubuntu/environment/python_grib/Sources_Eccodes/build/bin/codes_parser /home/ubuntu/environment/python_grib/Sources_Eccodes/build/share/eccodes/definitions/grib2/template.4.68.def
+ /home/ubuntu/environment/python_grib/Sources_Eccodes/build/bin/codes_parser /home/ubuntu/environment/python_grib/Sources_Eccodes/build/share/eccodes/definitions/grib2/template.4.1000.def
+ /home/ubuntu/environment/python_grib/Sources_Eccodes/build/bin/codes_parser /home/ubuntu/environment/python_grib/Sources_Eccodes/build/share/eccodes/definitions/grib2/local.98.9.def
+ /home/ubuntu/environment/python_grib/Sources_Eccodes/build/bin/codes_parser /home/ubuntu/environment/python_grib/Sources_Eccodes/build/share/eccodes/definitions/grib2/template.3.43.def
+ /home/ubuntu/environment/python_grib/Sources_Eccodes/build/bin/codes_parser /home/ubuntu/environment/python_grib/Sources_Eccodes/build/share/eccodes/definitions/grib2/local.tigge.1.def
+ /home/ubuntu/environment/python_grib/Sources_Eccodes/build/bin/codes_parser /home/ubuntu/environment/python_grib/Sources_Eccodes/build/share/eccodes/definitions/grib2/template.4.4.def
+ /home/ubuntu/environment/python_grib/Sources_Eccodes/build/bin/codes_parser /home/ubuntu/environment/python_grib/Sources_Eccodes/build/share/eccodes/definitions/grib2/template.4.parameter_partition.def
+ /home/ubuntu/environment/python_grib/Sources_Eccodes/build/bin/codes_parser /home/ubuntu/environment/python_grib/Sources_Eccodes/build/share/eccodes/definitions/grib2/template.4.parameter_aerosol.def
+ /home/ubuntu/environment/python_grib/Sources_Eccodes/build/bin/codes_parser /home/ubuntu/environment/python_grib/Sources_Eccodes/build/share/eccodes/definitions/grib2/products_tigge.def
+ /home/ubuntu/environment/python_grib/Sources_Eccodes/build/bin/codes_parser /home/ubuntu/environment/python_grib/Sources_Eccodes/build/share/eccodes/definitions/grib2/template.4.parameter_tile.def
+ /home/ubuntu/environment/python_grib/Sources_Eccodes/build/bin/codes_parser /home/ubuntu/environment/python_grib/Sources_Eccodes/build/share/eccodes/definitions/grib2/template.5.2.def
+ /home/ubuntu/environment/python_grib/Sources_Eccodes/build/bin/codes_parser /home/ubuntu/environment/python_grib/Sources_Eccodes/build/share/eccodes/definitions/grib2/template.4.0.def
+ /home/ubuntu/environment/python_grib/Sources_Eccodes/build/bin/codes_parser /home/ubuntu/environment/python_grib/Sources_Eccodes/build/share/eccodes/definitions/grib2/local.98.20.def
+ /home/ubuntu/environment/python_grib/Sources_Eccodes/build/bin/codes_parser /home/ubuntu/environment/python_grib/Sources_Eccodes/build/share/eccodes/definitions/grib2/products_8.def
+ /home/ubuntu/environment/python_grib/Sources_Eccodes/build/bin/codes_parser /home/ubuntu/environment/python_grib/Sources_Eccodes/build/share/eccodes/definitions/grib2/template.7.4.def
+ /home/ubuntu/environment/python_grib/Sources_Eccodes/build/bin/codes_parser /home/ubuntu/environment/python_grib/Sources_Eccodes/build/share/eccodes/definitions/grib2/template.7.53.def
+ /home/ubuntu/environment/python_grib/Sources_Eccodes/build/bin/codes_parser /home/ubuntu/environment/python_grib/Sources_Eccodes/build/share/eccodes/definitions/grib2/template.4.35.def
+ /home/ubuntu/environment/python_grib/Sources_Eccodes/build/bin/codes_parser /home/ubuntu/environment/python_grib/Sources_Eccodes/build/share/eccodes/definitions/grib2/template.4.15.def
+ /home/ubuntu/environment/python_grib/Sources_Eccodes/build/bin/codes_parser /home/ubuntu/environment/python_grib/Sources_Eccodes/build/share/eccodes/definitions/grib2/template.4.72.def
+ /home/ubuntu/environment/python_grib/Sources_Eccodes/build/bin/codes_parser /home/ubuntu/environment/python_grib/Sources_Eccodes/build/share/eccodes/definitions/grib2/local.98.18.def
+ /home/ubuntu/environment/python_grib/Sources_Eccodes/build/bin/codes_parser /home/ubuntu/environment/python_grib/Sources_Eccodes/build/share/eccodes/definitions/grib2/template.3.33.def
+ /home/ubuntu/environment/python_grib/Sources_Eccodes/build/bin/codes_parser /home/ubuntu/environment/python_grib/Sources_Eccodes/build/share/eccodes/definitions/grib2/template.4.58.def
+ /home/ubuntu/environment/python_grib/Sources_Eccodes/build/bin/codes_parser /home/ubuntu/environment/python_grib/Sources_Eccodes/build/share/eccodes/definitions/grib2/products_1.def
+ /home/ubuntu/environment/python_grib/Sources_Eccodes/build/bin/codes_parser /home/ubuntu/environment/python_grib/Sources_Eccodes/build/share/eccodes/definitions/grib2/template.3.5.def
+ /home/ubuntu/environment/python_grib/Sources_Eccodes/build/bin/codes_parser /home/ubuntu/environment/python_grib/Sources_Eccodes/build/share/eccodes/definitions/grib2/section.4.def
+ /home/ubuntu/environment/python_grib/Sources_Eccodes/build/bin/codes_parser /home/ubuntu/environment/python_grib/Sources_Eccodes/build/share/eccodes/definitions/grib2/template.3.stretching.def
+ /home/ubuntu/environment/python_grib/Sources_Eccodes/build/bin/codes_parser /home/ubuntu/environment/python_grib/Sources_Eccodes/build/share/eccodes/definitions/grib2/template.7.second_order.def
+ /home/ubuntu/environment/python_grib/Sources_Eccodes/build/bin/codes_parser /home/ubuntu/environment/python_grib/Sources_Eccodes/build/share/eccodes/definitions/grib2/template.7.40000.def
+ /home/ubuntu/environment/python_grib/Sources_Eccodes/build/bin/codes_parser /home/ubuntu/environment/python_grib/Sources_Eccodes/build/share/eccodes/definitions/grib2/template.4.rectangular_cluster.def
+ /home/ubuntu/environment/python_grib/Sources_Eccodes/build/bin/codes_parser /home/ubuntu/environment/python_grib/Sources_Eccodes/build/share/eccodes/definitions/grib2/template.3.52.def
+ /home/ubuntu/environment/python_grib/Sources_Eccodes/build/bin/codes_parser /home/ubuntu/environment/python_grib/Sources_Eccodes/build/share/eccodes/definitions/grib2/products_4.def
+ /home/ubuntu/environment/python_grib/Sources_Eccodes/build/bin/codes_parser /home/ubuntu/environment/python_grib/Sources_Eccodes/build/share/eccodes/definitions/grib2/mars_labeling.def
+ /home/ubuntu/environment/python_grib/Sources_Eccodes/build/bin/codes_parser /home/ubuntu/environment/python_grib/Sources_Eccodes/build/share/eccodes/definitions/grib2/local.85.2.def
+ /home/ubuntu/environment/python_grib/Sources_Eccodes/build/bin/codes_parser /home/ubuntu/environment/python_grib/Sources_Eccodes/build/share/eccodes/definitions/grib2/tigge_short_name.def
+ /home/ubuntu/environment/python_grib/Sources_Eccodes/build/bin/codes_parser /home/ubuntu/environment/python_grib/Sources_Eccodes/build/share/eccodes/definitions/grib2/template.5.50.def
+ /home/ubuntu/environment/python_grib/Sources_Eccodes/build/bin/codes_parser /home/ubuntu/environment/python_grib/Sources_Eccodes/build/share/eccodes/definitions/grib2/local.85.def
+ /home/ubuntu/environment/python_grib/Sources_Eccodes/build/bin/codes_parser /home/ubuntu/environment/python_grib/Sources_Eccodes/build/share/eccodes/definitions/grib2/local.98.12.def
+ /home/ubuntu/environment/python_grib/Sources_Eccodes/build/bin/codes_parser /home/ubuntu/environment/python_grib/Sources_Eccodes/build/share/eccodes/definitions/grib2/template.4.40033.def
+ /home/ubuntu/environment/python_grib/Sources_Eccodes/build/bin/codes_parser /home/ubuntu/environment/python_grib/Sources_Eccodes/build/share/eccodes/definitions/grib2/paramId.def
+ /home/ubuntu/environment/python_grib/Sources_Eccodes/build/bin/codes_parser /home/ubuntu/environment/python_grib/Sources_Eccodes/build/share/eccodes/definitions/grib2/template.1.2.def
+ /home/ubuntu/environment/python_grib/Sources_Eccodes/build/bin/codes_parser /home/ubuntu/environment/python_grib/Sources_Eccodes/build/share/eccodes/definitions/grib2/local.98.25.def
+ /home/ubuntu/environment/python_grib/Sources_Eccodes/build/bin/codes_parser /home/ubuntu/environment/python_grib/Sources_Eccodes/build/share/eccodes/definitions/grib2/template.5.42.def
+ /home/ubuntu/environment/python_grib/Sources_Eccodes/build/bin/codes_parser /home/ubuntu/environment/python_grib/Sources_Eccodes/build/share/eccodes/definitions/grib2/template.5.0.def
+ /home/ubuntu/environment/python_grib/Sources_Eccodes/build/bin/codes_parser /home/ubuntu/environment/python_grib/Sources_Eccodes/build/share/eccodes/definitions/grib2/local.98.39.def
+ /home/ubuntu/environment/python_grib/Sources_Eccodes/build/bin/codes_parser /home/ubuntu/environment/python_grib/Sources_Eccodes/build/share/eccodes/definitions/grib2/template.7.51.def
+ /home/ubuntu/environment/python_grib/Sources_Eccodes/build/bin/codes_parser /home/ubuntu/environment/python_grib/Sources_Eccodes/build/share/eccodes/definitions/grib2/template.4.parameter_chemical_distribution.def
+ /home/ubuntu/environment/python_grib/Sources_Eccodes/build/bin/codes_parser /home/ubuntu/environment/python_grib/Sources_Eccodes/build/share/eccodes/definitions/grib2/template.4.83.def
+ /home/ubuntu/environment/python_grib/Sources_Eccodes/build/bin/codes_parser /home/ubuntu/environment/python_grib/Sources_Eccodes/build/share/eccodes/definitions/grib2/template.5.packing.def
+ /home/ubuntu/environment/python_grib/Sources_Eccodes/build/bin/codes_parser /home/ubuntu/environment/python_grib/Sources_Eccodes/build/share/eccodes/definitions/grib2/template.4.59.def
+ /home/ubuntu/environment/python_grib/Sources_Eccodes/build/bin/codes_parser /home/ubuntu/environment/python_grib/Sources_Eccodes/build/share/eccodes/definitions/grib2/template.4.statistical.def
+ /home/ubuntu/environment/python_grib/Sources_Eccodes/build/bin/codes_parser /home/ubuntu/environment/python_grib/Sources_Eccodes/build/share/eccodes/definitions/grib2/template.7.3.def
+ /home/ubuntu/environment/python_grib/Sources_Eccodes/build/bin/codes_parser /home/ubuntu/environment/python_grib/Sources_Eccodes/build/share/eccodes/definitions/grib2/template.4.1100.def
+ /home/ubuntu/environment/python_grib/Sources_Eccodes/build/bin/codes_parser /home/ubuntu/environment/python_grib/Sources_Eccodes/build/share/eccodes/definitions/grib2/template.4.30.def
+ /home/ubuntu/environment/python_grib/Sources_Eccodes/build/bin/codes_parser /home/ubuntu/environment/python_grib/Sources_Eccodes/build/share/eccodes/definitions/grib2/template.5.6.def
+ /home/ubuntu/environment/python_grib/Sources_Eccodes/build/bin/codes_parser /home/ubuntu/environment/python_grib/Sources_Eccodes/build/share/eccodes/definitions/grib2/template.3.13.def
+ /home/ubuntu/environment/python_grib/Sources_Eccodes/build/bin/codes_parser /home/ubuntu/environment/python_grib/Sources_Eccodes/build/share/eccodes/definitions/grib2/template.4.2.def
+ /home/ubuntu/environment/python_grib/Sources_Eccodes/build/bin/codes_parser /home/ubuntu/environment/python_grib/Sources_Eccodes/build/share/eccodes/definitions/grib2/local.98.42.def
+ /home/ubuntu/environment/python_grib/Sources_Eccodes/build/bin/codes_parser /home/ubuntu/environment/python_grib/Sources_Eccodes/build/share/eccodes/definitions/grib2/products_10.def
+ /home/ubuntu/environment/python_grib/Sources_Eccodes/build/bin/codes_parser /home/ubuntu/environment/python_grib/Sources_Eccodes/build/share/eccodes/definitions/grib2/products_5.def
+ /home/ubuntu/environment/python_grib/Sources_Eccodes/build/bin/codes_parser /home/ubuntu/environment/python_grib/Sources_Eccodes/build/share/eccodes/definitions/grib2/template.4.parameter_postproc.def
+ /home/ubuntu/environment/python_grib/Sources_Eccodes/build/bin/codes_parser /home/ubuntu/environment/python_grib/Sources_Eccodes/build/share/eccodes/definitions/grib2/local.82.0.def
+ /home/ubuntu/environment/python_grib/Sources_Eccodes/build/bin/codes_parser /home/ubuntu/environment/python_grib/Sources_Eccodes/build/share/eccodes/definitions/grib2/name.def
+ /home/ubuntu/environment/python_grib/Sources_Eccodes/build/bin/codes_parser /home/ubuntu/environment/python_grib/Sources_Eccodes/build/share/eccodes/definitions/grib2/template.4.probability.def
+ /home/ubuntu/environment/python_grib/Sources_Eccodes/build/bin/codes_parser /home/ubuntu/environment/python_grib/Sources_Eccodes/build/share/eccodes/definitions/grib2/template.4.categorical.def
+ /home/ubuntu/environment/python_grib/Sources_Eccodes/build/bin/codes_parser /home/ubuntu/environment/python_grib/Sources_Eccodes/build/share/eccodes/definitions/grib2/template.7.50.def
+ /home/ubuntu/environment/python_grib/Sources_Eccodes/build/bin/codes_parser /home/ubuntu/environment/python_grib/Sources_Eccodes/build/share/eccodes/definitions/grib2/template.4.41.def
+ /home/ubuntu/environment/python_grib/Sources_Eccodes/build/bin/codes_parser /home/ubuntu/environment/python_grib/Sources_Eccodes/build/share/eccodes/definitions/grib2/template.3.rotation.def
+ /home/ubuntu/environment/python_grib/Sources_Eccodes/build/bin/codes_parser /home/ubuntu/environment/python_grib/Sources_Eccodes/build/share/eccodes/definitions/grib2/template.4.33.def
+ /home/ubuntu/environment/python_grib/Sources_Eccodes/build/bin/codes_parser /home/ubuntu/environment/python_grib/Sources_Eccodes/build/share/eccodes/definitions/grib2/products_6.def
+ /home/ubuntu/environment/python_grib/Sources_Eccodes/build/bin/codes_parser /home/ubuntu/environment/python_grib/Sources_Eccodes/build/share/eccodes/definitions/grib2/template.3.spherical_harmonics.def
+ /home/ubuntu/environment/python_grib/Sources_Eccodes/build/bin/codes_parser /home/ubuntu/environment/python_grib/Sources_Eccodes/build/share/eccodes/definitions/grib2/template.4.73.def
+ /home/ubuntu/environment/python_grib/Sources_Eccodes/build/bin/codes_parser /home/ubuntu/environment/python_grib/Sources_Eccodes/build/share/eccodes/definitions/grib2/boot.def
+ /home/ubuntu/environment/python_grib/Sources_Eccodes/build/bin/codes_parser /home/ubuntu/environment/python_grib/Sources_Eccodes/build/share/eccodes/definitions/grib2/local.98.7.def
+ /home/ubuntu/environment/python_grib/Sources_Eccodes/build/bin/codes_parser /home/ubuntu/environment/python_grib/Sources_Eccodes/build/share/eccodes/definitions/grib2/local.98.14.def
+ /home/ubuntu/environment/python_grib/Sources_Eccodes/build/bin/codes_parser /home/ubuntu/environment/python_grib/Sources_Eccodes/build/share/eccodes/definitions/grib2/local.98.0.def
+ /home/ubuntu/environment/python_grib/Sources_Eccodes/build/bin/codes_parser /home/ubuntu/environment/python_grib/Sources_Eccodes/build/share/eccodes/definitions/grib2/section.6.def
+ /home/ubuntu/environment/python_grib/Sources_Eccodes/build/bin/codes_parser /home/ubuntu/environment/python_grib/Sources_Eccodes/build/share/eccodes/definitions/grib2/template.3.120.def
+ /home/ubuntu/environment/python_grib/Sources_Eccodes/build/bin/codes_parser /home/ubuntu/environment/python_grib/Sources_Eccodes/build/share/eccodes/definitions/grib2/template.3.3.def
+ /home/ubuntu/environment/python_grib/Sources_Eccodes/build/bin/codes_parser /home/ubuntu/environment/python_grib/Sources_Eccodes/build/share/eccodes/definitions/grib2/template.4.61.def
+ /home/ubuntu/environment/python_grib/Sources_Eccodes/build/bin/codes_parser /home/ubuntu/environment/python_grib/Sources_Eccodes/build/share/eccodes/definitions/grib2/template.5.40010.def
+ /home/ubuntu/environment/python_grib/Sources_Eccodes/build/bin/codes_parser /home/ubuntu/environment/python_grib/Sources_Eccodes/build/share/eccodes/definitions/grib2/localConcepts/ecmf/paramId.def
+ /home/ubuntu/environment/python_grib/Sources_Eccodes/build/bin/codes_parser /home/ubuntu/environment/python_grib/Sources_Eccodes/build/share/eccodes/definitions/grib2/localConcepts/ecmf/name.def
+ /home/ubuntu/environment/python_grib/Sources_Eccodes/build/bin/codes_parser /home/ubuntu/environment/python_grib/Sources_Eccodes/build/share/eccodes/definitions/grib2/localConcepts/ecmf/units.def
+ /home/ubuntu/environment/python_grib/Sources_Eccodes/build/bin/codes_parser /home/ubuntu/environment/python_grib/Sources_Eccodes/build/share/eccodes/definitions/grib2/localConcepts/ecmf/cfVarName.def
+ /home/ubuntu/environment/python_grib/Sources_Eccodes/build/bin/codes_parser /home/ubuntu/environment/python_grib/Sources_Eccodes/build/share/eccodes/definitions/grib2/localConcepts/ecmf/shortName.def
+ /home/ubuntu/environment/python_grib/Sources_Eccodes/build/bin/codes_parser /home/ubuntu/environment/python_grib/Sources_Eccodes/build/share/eccodes/definitions/grib2/localConcepts/ecmf/cfName.def
+ /home/ubuntu/environment/python_grib/Sources_Eccodes/build/bin/codes_parser /home/ubuntu/environment/python_grib/Sources_Eccodes/build/share/eccodes/definitions/grib2/localConcepts/cnmc/paramId.def
+ /home/ubuntu/environment/python_grib/Sources_Eccodes/build/bin/codes_parser /home/ubuntu/environment/python_grib/Sources_Eccodes/build/share/eccodes/definitions/grib2/localConcepts/cnmc/name.def
+ /home/ubuntu/environment/python_grib/Sources_Eccodes/build/bin/codes_parser /home/ubuntu/environment/python_grib/Sources_Eccodes/build/share/eccodes/definitions/grib2/localConcepts/cnmc/units.def
+ /home/ubuntu/environment/python_grib/Sources_Eccodes/build/bin/codes_parser /home/ubuntu/environment/python_grib/Sources_Eccodes/build/share/eccodes/definitions/grib2/localConcepts/cnmc/modelName.def
+ /home/ubuntu/environment/python_grib/Sources_Eccodes/build/bin/codes_parser /home/ubuntu/environment/python_grib/Sources_Eccodes/build/share/eccodes/definitions/grib2/localConcepts/cnmc/shortName.def
+ /home/ubuntu/environment/python_grib/Sources_Eccodes/build/bin/codes_parser /home/ubuntu/environment/python_grib/Sources_Eccodes/build/share/eccodes/definitions/grib2/localConcepts/egrr/paramId.def
+ /home/ubuntu/environment/python_grib/Sources_Eccodes/build/bin/codes_parser /home/ubuntu/environment/python_grib/Sources_Eccodes/build/share/eccodes/definitions/grib2/localConcepts/egrr/name.def
+ /home/ubuntu/environment/python_grib/Sources_Eccodes/build/bin/codes_parser /home/ubuntu/environment/python_grib/Sources_Eccodes/build/share/eccodes/definitions/grib2/localConcepts/egrr/units.def
+ /home/ubuntu/environment/python_grib/Sources_Eccodes/build/bin/codes_parser /home/ubuntu/environment/python_grib/Sources_Eccodes/build/share/eccodes/definitions/grib2/localConcepts/egrr/cfVarName.def
+ /home/ubuntu/environment/python_grib/Sources_Eccodes/build/bin/codes_parser /home/ubuntu/environment/python_grib/Sources_Eccodes/build/share/eccodes/definitions/grib2/localConcepts/egrr/shortName.def
+ /home/ubuntu/environment/python_grib/Sources_Eccodes/build/bin/codes_parser /home/ubuntu/environment/python_grib/Sources_Eccodes/build/share/eccodes/definitions/grib2/localConcepts/eswi/paramId.def
+ /home/ubuntu/environment/python_grib/Sources_Eccodes/build/bin/codes_parser /home/ubuntu/environment/python_grib/Sources_Eccodes/build/share/eccodes/definitions/grib2/localConcepts/eswi/name.def
+ /home/ubuntu/environment/python_grib/Sources_Eccodes/build/bin/codes_parser /home/ubuntu/environment/python_grib/Sources_Eccodes/build/share/eccodes/definitions/grib2/localConcepts/eswi/units.def
+ /home/ubuntu/environment/python_grib/Sources_Eccodes/build/bin/codes_parser /home/ubuntu/environment/python_grib/Sources_Eccodes/build/share/eccodes/definitions/grib2/localConcepts/eswi/shortName.def
+ /home/ubuntu/environment/python_grib/Sources_Eccodes/build/bin/codes_parser /home/ubuntu/environment/python_grib/Sources_Eccodes/build/share/eccodes/definitions/grib2/localConcepts/lfpw/faLevelName.def
+ /home/ubuntu/environment/python_grib/Sources_Eccodes/build/bin/codes_parser /home/ubuntu/environment/python_grib/Sources_Eccodes/build/share/eccodes/definitions/grib2/localConcepts/lfpw/faModelName.def
+ /home/ubuntu/environment/python_grib/Sources_Eccodes/build/bin/codes_parser /home/ubuntu/environment/python_grib/Sources_Eccodes/build/share/eccodes/definitions/grib2/localConcepts/lfpw/paramId.def
+ /home/ubuntu/environment/python_grib/Sources_Eccodes/build/bin/codes_parser /home/ubuntu/environment/python_grib/Sources_Eccodes/build/share/eccodes/definitions/grib2/localConcepts/lfpw/name.def
+ /home/ubuntu/environment/python_grib/Sources_Eccodes/build/bin/codes_parser /home/ubuntu/environment/python_grib/Sources_Eccodes/build/share/eccodes/definitions/grib2/localConcepts/lfpw/units.def
+ /home/ubuntu/environment/python_grib/Sources_Eccodes/build/bin/codes_parser /home/ubuntu/environment/python_grib/Sources_Eccodes/build/share/eccodes/definitions/grib2/localConcepts/lfpw/faFieldName.def
+ /home/ubuntu/environment/python_grib/Sources_Eccodes/build/bin/codes_parser /home/ubuntu/environment/python_grib/Sources_Eccodes/build/share/eccodes/definitions/grib2/localConcepts/lfpw/shortName.def
+ /home/ubuntu/environment/python_grib/Sources_Eccodes/build/bin/codes_parser /home/ubuntu/environment/python_grib/Sources_Eccodes/build/share/eccodes/definitions/grib2/localConcepts/efkl/paramId.def
+ /home/ubuntu/environment/python_grib/Sources_Eccodes/build/bin/codes_parser /home/ubuntu/environment/python_grib/Sources_Eccodes/build/share/eccodes/definitions/grib2/localConcepts/efkl/name.def
+ /home/ubuntu/environment/python_grib/Sources_Eccodes/build/bin/codes_parser /home/ubuntu/environment/python_grib/Sources_Eccodes/build/share/eccodes/definitions/grib2/localConcepts/efkl/units.def
+ /home/ubuntu/environment/python_grib/Sources_Eccodes/build/bin/codes_parser /home/ubuntu/environment/python_grib/Sources_Eccodes/build/share/eccodes/definitions/grib2/localConcepts/efkl/shortName.def
+ /home/ubuntu/environment/python_grib/Sources_Eccodes/build/bin/codes_parser /home/ubuntu/environment/python_grib/Sources_Eccodes/build/share/eccodes/definitions/grib2/localConcepts/lfpw1/paramId.def
+ /home/ubuntu/environment/python_grib/Sources_Eccodes/build/bin/codes_parser /home/ubuntu/environment/python_grib/Sources_Eccodes/build/share/eccodes/definitions/grib2/localConcepts/lfpw1/name.def
+ /home/ubuntu/environment/python_grib/Sources_Eccodes/build/bin/codes_parser /home/ubuntu/environment/python_grib/Sources_Eccodes/build/share/eccodes/definitions/grib2/localConcepts/lfpw1/units.def
+ /home/ubuntu/environment/python_grib/Sources_Eccodes/build/bin/codes_parser /home/ubuntu/environment/python_grib/Sources_Eccodes/build/share/eccodes/definitions/grib2/localConcepts/lfpw1/shortName.def
+ /home/ubuntu/environment/python_grib/Sources_Eccodes/build/bin/codes_parser /home/ubuntu/environment/python_grib/Sources_Eccodes/build/share/eccodes/definitions/grib2/localConcepts/lssw/modelName.def
+ /home/ubuntu/environment/python_grib/Sources_Eccodes/build/bin/codes_parser /home/ubuntu/environment/python_grib/Sources_Eccodes/build/share/eccodes/definitions/grib2/localConcepts/ekmi/paramId.def
+ /home/ubuntu/environment/python_grib/Sources_Eccodes/build/bin/codes_parser /home/ubuntu/environment/python_grib/Sources_Eccodes/build/share/eccodes/definitions/grib2/localConcepts/ekmi/name.def
+ /home/ubuntu/environment/python_grib/Sources_Eccodes/build/bin/codes_parser /home/ubuntu/environment/python_grib/Sources_Eccodes/build/share/eccodes/definitions/grib2/localConcepts/ekmi/units.def
+ /home/ubuntu/environment/python_grib/Sources_Eccodes/build/bin/codes_parser /home/ubuntu/environment/python_grib/Sources_Eccodes/build/share/eccodes/definitions/grib2/localConcepts/ekmi/shortName.def
+ /home/ubuntu/environment/python_grib/Sources_Eccodes/build/bin/codes_parser /home/ubuntu/environment/python_grib/Sources_Eccodes/build/share/eccodes/definitions/grib2/localConcepts/edzw/paramId.def
+ /home/ubuntu/environment/python_grib/Sources_Eccodes/build/bin/codes_parser /home/ubuntu/environment/python_grib/Sources_Eccodes/build/share/eccodes/definitions/grib2/localConcepts/edzw/name.def
+ /home/ubuntu/environment/python_grib/Sources_Eccodes/build/bin/codes_parser /home/ubuntu/environment/python_grib/Sources_Eccodes/build/share/eccodes/definitions/grib2/localConcepts/edzw/units.def
+ /home/ubuntu/environment/python_grib/Sources_Eccodes/build/bin/codes_parser /home/ubuntu/environment/python_grib/Sources_Eccodes/build/share/eccodes/definitions/grib2/localConcepts/edzw/modelName.def
+ /home/ubuntu/environment/python_grib/Sources_Eccodes/build/bin/codes_parser /home/ubuntu/environment/python_grib/Sources_Eccodes/build/share/eccodes/definitions/grib2/localConcepts/edzw/shortName.def
+ /home/ubuntu/environment/python_grib/Sources_Eccodes/build/bin/codes_parser /home/ubuntu/environment/python_grib/Sources_Eccodes/build/share/eccodes/definitions/grib2/localConcepts/edzw/default_step_units.def
+ /home/ubuntu/environment/python_grib/Sources_Eccodes/build/bin/codes_parser /home/ubuntu/environment/python_grib/Sources_Eccodes/build/share/eccodes/definitions/grib2/localConcepts/kwbc/paramId.def
+ /home/ubuntu/environment/python_grib/Sources_Eccodes/build/bin/codes_parser /home/ubuntu/environment/python_grib/Sources_Eccodes/build/share/eccodes/definitions/grib2/localConcepts/kwbc/name.def
+ /home/ubuntu/environment/python_grib/Sources_Eccodes/build/bin/codes_parser /home/ubuntu/environment/python_grib/Sources_Eccodes/build/share/eccodes/definitions/grib2/localConcepts/kwbc/units.def
+ /home/ubuntu/environment/python_grib/Sources_Eccodes/build/bin/codes_parser /home/ubuntu/environment/python_grib/Sources_Eccodes/build/share/eccodes/definitions/grib2/localConcepts/kwbc/shortName.def
+ /home/ubuntu/environment/python_grib/Sources_Eccodes/build/bin/codes_parser /home/ubuntu/environment/python_grib/Sources_Eccodes/build/share/eccodes/definitions/grib2/template.4.parameter_aerosol_44.def
+ /home/ubuntu/environment/python_grib/Sources_Eccodes/build/bin/codes_parser /home/ubuntu/environment/python_grib/Sources_Eccodes/build/share/eccodes/definitions/grib2/template.4.71.def
+ /home/ubuntu/environment/python_grib/Sources_Eccodes/build/bin/codes_parser /home/ubuntu/environment/python_grib/Sources_Eccodes/build/share/eccodes/definitions/grib2/template.3.latlon_vares.def
+ /home/ubuntu/environment/python_grib/Sources_Eccodes/build/bin/codes_parser /home/ubuntu/environment/python_grib/Sources_Eccodes/build/share/eccodes/definitions/grib2/template.3.1100.def
+ /home/ubuntu/environment/python_grib/Sources_Eccodes/build/bin/codes_parser /home/ubuntu/environment/python_grib/Sources_Eccodes/build/share/eccodes/definitions/grib2/template.4.20.def
+ /home/ubuntu/environment/python_grib/Sources_Eccodes/build/bin/codes_parser /home/ubuntu/environment/python_grib/Sources_Eccodes/build/share/eccodes/definitions/grib2/products_0.def
+ /home/ubuntu/environment/python_grib/Sources_Eccodes/build/bin/codes_parser /home/ubuntu/environment/python_grib/Sources_Eccodes/build/share/eccodes/definitions/grib2/template.4.8.def
+ /home/ubuntu/environment/python_grib/Sources_Eccodes/build/bin/codes_parser /home/ubuntu/environment/python_grib/Sources_Eccodes/build/share/eccodes/definitions/grib2/products_crra.def
+ /home/ubuntu/environment/python_grib/Sources_Eccodes/build/bin/codes_parser /home/ubuntu/environment/python_grib/Sources_Eccodes/build/share/eccodes/definitions/grib2/template.3.1200.def
+ /home/ubuntu/environment/python_grib/Sources_Eccodes/build/bin/codes_parser /home/ubuntu/environment/python_grib/Sources_Eccodes/build/share/eccodes/definitions/grib2/template.4.3.def
+ /home/ubuntu/environment/python_grib/Sources_Eccodes/build/bin/codes_parser /home/ubuntu/environment/python_grib/Sources_Eccodes/build/share/eccodes/definitions/grib2/local.98.16.def
+ /home/ubuntu/environment/python_grib/Sources_Eccodes/build/bin/codes_parser /home/ubuntu/environment/python_grib/Sources_Eccodes/build/share/eccodes/definitions/grib2/template.4.parameter_chemical.def
+ /home/ubuntu/environment/python_grib/Sources_Eccodes/build/bin/codes_parser /home/ubuntu/environment/python_grib/Sources_Eccodes/build/share/eccodes/definitions/grib2/rules.def
+ /home/ubuntu/environment/python_grib/Sources_Eccodes/build/bin/codes_parser /home/ubuntu/environment/python_grib/Sources_Eccodes/build/share/eccodes/definitions/grib2/template.3.4.def
+ /home/ubuntu/environment/python_grib/Sources_Eccodes/build/bin/codes_parser /home/ubuntu/environment/python_grib/Sources_Eccodes/build/share/eccodes/definitions/grib2/units.def
+ /home/ubuntu/environment/python_grib/Sources_Eccodes/build/bin/codes_parser /home/ubuntu/environment/python_grib/Sources_Eccodes/build/share/eccodes/definitions/grib2/template.4.1001.def
+ /home/ubuntu/environment/python_grib/Sources_Eccodes/build/bin/codes_parser /home/ubuntu/environment/python_grib/Sources_Eccodes/build/share/eccodes/definitions/grib2/ls_labeling.82.def
+ /home/ubuntu/environment/python_grib/Sources_Eccodes/build/bin/codes_parser /home/ubuntu/environment/python_grib/Sources_Eccodes/build/share/eccodes/definitions/grib2/template.3.23.def
+ /home/ubuntu/environment/python_grib/Sources_Eccodes/build/bin/codes_parser /home/ubuntu/environment/python_grib/Sources_Eccodes/build/share/eccodes/definitions/grib2/local.98.24.def
+ /home/ubuntu/environment/python_grib/Sources_Eccodes/build/bin/codes_parser /home/ubuntu/environment/python_grib/Sources_Eccodes/build/share/eccodes/definitions/grib2/products_2.def
+ /home/ubuntu/environment/python_grib/Sources_Eccodes/build/bin/codes_parser /home/ubuntu/environment/python_grib/Sources_Eccodes/build/share/eccodes/definitions/grib2/template.4.56.def
+ /home/ubuntu/environment/python_grib/Sources_Eccodes/build/bin/codes_parser /home/ubuntu/environment/python_grib/Sources_Eccodes/build/share/eccodes/definitions/grib2/template.3.53.def
+ /home/ubuntu/environment/python_grib/Sources_Eccodes/build/bin/codes_parser /home/ubuntu/environment/python_grib/Sources_Eccodes/build/share/eccodes/definitions/grib2/template.3.bf.def
+ /home/ubuntu/environment/python_grib/Sources_Eccodes/build/bin/codes_parser /home/ubuntu/environment/python_grib/Sources_Eccodes/build/share/eccodes/definitions/grib2/template.3.gaussian.def
+ /home/ubuntu/environment/python_grib/Sources_Eccodes/build/bin/codes_parser /home/ubuntu/environment/python_grib/Sources_Eccodes/build/share/eccodes/definitions/grib2/mars_labeling.82.def
+ /home/ubuntu/environment/python_grib/Sources_Eccodes/build/bin/codes_parser /home/ubuntu/environment/python_grib/Sources_Eccodes/build/share/eccodes/definitions/grib2/section.2.def
+ /home/ubuntu/environment/python_grib/Sources_Eccodes/build/bin/codes_parser /home/ubuntu/environment/python_grib/Sources_Eccodes/build/share/eccodes/definitions/grib2/template.3.1000.def
+ /home/ubuntu/environment/python_grib/Sources_Eccodes/build/bin/codes_parser /home/ubuntu/environment/python_grib/Sources_Eccodes/build/share/eccodes/definitions/grib2/boot_multifield.def
+ /home/ubuntu/environment/python_grib/Sources_Eccodes/build/bin/codes_parser /home/ubuntu/environment/python_grib/Sources_Eccodes/build/share/eccodes/definitions/grib2/cfVarName.def
+ /home/ubuntu/environment/python_grib/Sources_Eccodes/build/bin/codes_parser /home/ubuntu/environment/python_grib/Sources_Eccodes/build/share/eccodes/definitions/grib2/template.3.12.def
+ /home/ubuntu/environment/python_grib/Sources_Eccodes/build/bin/codes_parser /home/ubuntu/environment/python_grib/Sources_Eccodes/build/share/eccodes/definitions/grib2/local.98.26.def
+ /home/ubuntu/environment/python_grib/Sources_Eccodes/build/bin/codes_parser /home/ubuntu/environment/python_grib/Sources_Eccodes/build/share/eccodes/definitions/grib2/local.98.36.def
+ /home/ubuntu/environment/python_grib/Sources_Eccodes/build/bin/codes_parser /home/ubuntu/environment/python_grib/Sources_Eccodes/build/share/eccodes/definitions/grib2/template.4.1101.def
+ /home/ubuntu/environment/python_grib/Sources_Eccodes/build/bin/codes_parser /home/ubuntu/environment/python_grib/Sources_Eccodes/build/share/eccodes/definitions/grib2/template.3.101.def
+ /home/ubuntu/environment/python_grib/Sources_Eccodes/build/bin/codes_parser /home/ubuntu/environment/python_grib/Sources_Eccodes/build/share/eccodes/definitions/grib2/template.5.50002.def
+ /home/ubuntu/environment/python_grib/Sources_Eccodes/build/bin/codes_parser /home/ubuntu/environment/python_grib/Sources_Eccodes/build/share/eccodes/definitions/grib2/template.4.46.def
+ /home/ubuntu/environment/python_grib/Sources_Eccodes/build/bin/codes_parser /home/ubuntu/environment/python_grib/Sources_Eccodes/build/share/eccodes/definitions/grib2/template.4.6.def
+ /home/ubuntu/environment/python_grib/Sources_Eccodes/build/bin/codes_parser /home/ubuntu/environment/python_grib/Sources_Eccodes/build/share/eccodes/definitions/grib2/products_3.def
+ /home/ubuntu/environment/python_grib/Sources_Eccodes/build/bin/codes_parser /home/ubuntu/environment/python_grib/Sources_Eccodes/build/share/eccodes/definitions/grib2/local.85.1.def
+ /home/ubuntu/environment/python_grib/Sources_Eccodes/build/bin/codes_parser /home/ubuntu/environment/python_grib/Sources_Eccodes/build/share/eccodes/definitions/grib2/template.3.140.def
+ /home/ubuntu/environment/python_grib/Sources_Eccodes/build/bin/codes_parser /home/ubuntu/environment/python_grib/Sources_Eccodes/build/share/eccodes/definitions/grib2/section.0.def
+ /home/ubuntu/environment/python_grib/Sources_Eccodes/build/bin/codes_parser /home/ubuntu/environment/python_grib/Sources_Eccodes/build/share/eccodes/definitions/grib2/template.4.49.def
+ /home/ubuntu/environment/python_grib/Sources_Eccodes/build/bin/codes_parser /home/ubuntu/environment/python_grib/Sources_Eccodes/build/share/eccodes/definitions/grib2/template.4.32.def
+ /home/ubuntu/environment/python_grib/Sources_Eccodes/build/bin/codes_parser /home/ubuntu/environment/python_grib/Sources_Eccodes/build/share/eccodes/definitions/grib2/meta.def
+ /home/ubuntu/environment/python_grib/Sources_Eccodes/build/bin/codes_parser /home/ubuntu/environment/python_grib/Sources_Eccodes/build/share/eccodes/definitions/grib2/template.4.48.def
+ /home/ubuntu/environment/python_grib/Sources_Eccodes/build/bin/codes_parser /home/ubuntu/environment/python_grib/Sources_Eccodes/build/share/eccodes/definitions/grib2/tigge_parameter.def
+ /home/ubuntu/environment/python_grib/Sources_Eccodes/build/bin/codes_parser /home/ubuntu/environment/python_grib/Sources_Eccodes/build/share/eccodes/definitions/grib2/template.5.second_order.def
+ /home/ubuntu/environment/python_grib/Sources_Eccodes/build/bin/codes_parser /home/ubuntu/environment/python_grib/Sources_Eccodes/build/share/eccodes/definitions/grib2/template.4.percentile.def
+ /home/ubuntu/environment/python_grib/Sources_Eccodes/build/bin/codes_parser /home/ubuntu/environment/python_grib/Sources_Eccodes/build/share/eccodes/definitions/grib2/template.5.61.def
+ /home/ubuntu/environment/python_grib/Sources_Eccodes/build/bin/codes_parser /home/ubuntu/environment/python_grib/Sources_Eccodes/build/share/eccodes/definitions/grib2/sections.def
+ /home/ubuntu/environment/python_grib/Sources_Eccodes/build/bin/codes_parser /home/ubuntu/environment/python_grib/Sources_Eccodes/build/share/eccodes/definitions/grib2/template.7.6.def
+ /home/ubuntu/environment/python_grib/Sources_Eccodes/build/bin/codes_parser /home/ubuntu/environment/python_grib/Sources_Eccodes/build/share/eccodes/definitions/grib2/modelName.def
+ /home/ubuntu/environment/python_grib/Sources_Eccodes/build/bin/codes_parser /home/ubuntu/environment/python_grib/Sources_Eccodes/build/share/eccodes/definitions/grib2/local.98.500.def
+ /home/ubuntu/environment/python_grib/Sources_Eccodes/build/bin/codes_parser /home/ubuntu/environment/python_grib/Sources_Eccodes/build/share/eccodes/definitions/grib2/template.4.78.def
+ /home/ubuntu/environment/python_grib/Sources_Eccodes/build/bin/codes_parser /home/ubuntu/environment/python_grib/Sources_Eccodes/build/share/eccodes/definitions/grib2/template.4.54.def
+ /home/ubuntu/environment/python_grib/Sources_Eccodes/build/bin/codes_parser /home/ubuntu/environment/python_grib/Sources_Eccodes/build/share/eccodes/definitions/grib2/template.3.1.def
+ /home/ubuntu/environment/python_grib/Sources_Eccodes/build/bin/codes_parser /home/ubuntu/environment/python_grib/Sources_Eccodes/build/share/eccodes/definitions/grib2/template.3.latlon.def
+ /home/ubuntu/environment/python_grib/Sources_Eccodes/build/bin/codes_parser /home/ubuntu/environment/python_grib/Sources_Eccodes/build/share/eccodes/definitions/grib2/local.crra.1.def
+ /home/ubuntu/environment/python_grib/Sources_Eccodes/build/bin/codes_parser /home/ubuntu/environment/python_grib/Sources_Eccodes/build/share/eccodes/definitions/grib2/template.7.41.def
+ /home/ubuntu/environment/python_grib/Sources_Eccodes/build/bin/codes_parser /home/ubuntu/environment/python_grib/Sources_Eccodes/build/share/eccodes/definitions/grib2/template.3.30.def
+ /home/ubuntu/environment/python_grib/Sources_Eccodes/build/bin/codes_parser /home/ubuntu/environment/python_grib/Sources_Eccodes/build/share/eccodes/definitions/grib2/template.4.14.def
+ /home/ubuntu/environment/python_grib/Sources_Eccodes/build/bin/codes_parser /home/ubuntu/environment/python_grib/Sources_Eccodes/build/share/eccodes/definitions/grib2/template.4.254.def
+ /home/ubuntu/environment/python_grib/Sources_Eccodes/build/bin/codes_parser /home/ubuntu/environment/python_grib/Sources_Eccodes/build/share/eccodes/definitions/grib2/template.3.63.def
+ /home/ubuntu/environment/python_grib/Sources_Eccodes/build/bin/codes_parser /home/ubuntu/environment/python_grib/Sources_Eccodes/build/share/eccodes/definitions/grib2/template.3.50.def
+ /home/ubuntu/environment/python_grib/Sources_Eccodes/build/bin/codes_parser /home/ubuntu/environment/python_grib/Sources_Eccodes/build/share/eccodes/definitions/grib2/local.82.83.def
+ /home/ubuntu/environment/python_grib/Sources_Eccodes/build/bin/codes_parser /home/ubuntu/environment/python_grib/Sources_Eccodes/build/share/eccodes/definitions/grib2/template.5.50000.def
+ /home/ubuntu/environment/python_grib/Sources_Eccodes/build/bin/codes_parser /home/ubuntu/environment/python_grib/Sources_Eccodes/build/share/eccodes/definitions/grib2/template.4.9.def
+ /home/ubuntu/environment/python_grib/Sources_Eccodes/build/bin/codes_parser /home/ubuntu/environment/python_grib/Sources_Eccodes/build/share/eccodes/definitions/grib2/template.4.12.def
+ /home/ubuntu/environment/python_grib/Sources_Eccodes/build/bin/codes_parser /home/ubuntu/environment/python_grib/Sources_Eccodes/build/share/eccodes/definitions/grib2/template.4.parameter.def
+ /home/ubuntu/environment/python_grib/Sources_Eccodes/build/bin/codes_parser /home/ubuntu/environment/python_grib/Sources_Eccodes/build/share/eccodes/definitions/grib2/template.4.45.def
+ /home/ubuntu/environment/python_grib/Sources_Eccodes/build/bin/codes_parser /home/ubuntu/environment/python_grib/Sources_Eccodes/build/share/eccodes/definitions/grib2/products_s2s.def
+ /home/ubuntu/environment/python_grib/Sources_Eccodes/build/bin/codes_parser /home/ubuntu/environment/python_grib/Sources_Eccodes/build/share/eccodes/definitions/grib2/template.7.1.def
+ /home/ubuntu/environment/python_grib/Sources_Eccodes/build/bin/codes_parser /home/ubuntu/environment/python_grib/Sources_Eccodes/build/share/eccodes/definitions/grib2/template.4.parameter_chemical_source.def
+ /home/ubuntu/environment/python_grib/Sources_Eccodes/build/bin/codes_parser /home/ubuntu/environment/python_grib/Sources_Eccodes/build/share/eccodes/definitions/grib2/template.5.51.def
+ /home/ubuntu/environment/python_grib/Sources_Eccodes/build/bin/codes_parser /home/ubuntu/environment/python_grib/Sources_Eccodes/build/share/eccodes/definitions/grib2/template.3.40.def
+ /home/ubuntu/environment/python_grib/Sources_Eccodes/build/bin/codes_parser /home/ubuntu/environment/python_grib/Sources_Eccodes/build/share/eccodes/definitions/grib2/template.5.1.def
+ /home/ubuntu/environment/python_grib/Sources_Eccodes/build/bin/codes_parser /home/ubuntu/environment/python_grib/Sources_Eccodes/build/share/eccodes/definitions/grib2/template.4.70.def
+ /home/ubuntu/environment/python_grib/Sources_Eccodes/build/bin/codes_parser /home/ubuntu/environment/python_grib/Sources_Eccodes/build/share/eccodes/definitions/grib2/template.4.47.def
+ /home/ubuntu/environment/python_grib/Sources_Eccodes/build/bin/codes_parser /home/ubuntu/environment/python_grib/Sources_Eccodes/build/share/eccodes/definitions/grib2/template.4.derived.def
+ /home/ubuntu/environment/python_grib/Sources_Eccodes/build/bin/codes_parser /home/ubuntu/environment/python_grib/Sources_Eccodes/build/share/eccodes/definitions/grib2/tigge_name.def
+ /home/ubuntu/environment/python_grib/Sources_Eccodes/build/bin/codes_parser /home/ubuntu/environment/python_grib/Sources_Eccodes/build/share/eccodes/definitions/grib2/local.98.11.def
+ /home/ubuntu/environment/python_grib/Sources_Eccodes/build/bin/codes_parser /home/ubuntu/environment/python_grib/Sources_Eccodes/build/share/eccodes/definitions/grib2/products_11.def
+ /home/ubuntu/environment/python_grib/Sources_Eccodes/build/bin/codes_parser /home/ubuntu/environment/python_grib/Sources_Eccodes/build/share/eccodes/definitions/grib2/local/1098/template.2.0.def
+ /home/ubuntu/environment/python_grib/Sources_Eccodes/build/bin/codes_parser /home/ubuntu/environment/python_grib/Sources_Eccodes/build/share/eccodes/definitions/grib2/template.4.79.def
+ /home/ubuntu/environment/python_grib/Sources_Eccodes/build/bin/codes_parser /home/ubuntu/environment/python_grib/Sources_Eccodes/build/share/eccodes/definitions/grib2/local.98.21.def
+ /home/ubuntu/environment/python_grib/Sources_Eccodes/build/bin/codes_parser /home/ubuntu/environment/python_grib/Sources_Eccodes/build/share/eccodes/definitions/grib2/section.7.def
+ /home/ubuntu/environment/python_grib/Sources_Eccodes/build/bin/codes_parser /home/ubuntu/environment/python_grib/Sources_Eccodes/build/share/eccodes/definitions/grib2/template.4.40.def
+ /home/ubuntu/environment/python_grib/Sources_Eccodes/build/bin/codes_parser /home/ubuntu/environment/python_grib/Sources_Eccodes/build/share/eccodes/definitions/grib2/section.1.def
+ /home/ubuntu/environment/python_grib/Sources_Eccodes/build/bin/codes_parser /home/ubuntu/environment/python_grib/Sources_Eccodes/build/share/eccodes/definitions/grib2/local.82.82.def
+ /home/ubuntu/environment/python_grib/Sources_Eccodes/build/bin/codes_parser /home/ubuntu/environment/python_grib/Sources_Eccodes/build/share/eccodes/definitions/grib2/shortName.def
+ /home/ubuntu/environment/python_grib/Sources_Eccodes/build/bin/codes_parser /home/ubuntu/environment/python_grib/Sources_Eccodes/build/share/eccodes/definitions/grib2/template.1.calendar.def
+ /home/ubuntu/environment/python_grib/Sources_Eccodes/build/bin/codes_parser /home/ubuntu/environment/python_grib/Sources_Eccodes/build/share/eccodes/definitions/grib2/local.98.30.def
+ /home/ubuntu/environment/python_grib/Sources_Eccodes/build/bin/codes_parser /home/ubuntu/environment/python_grib/Sources_Eccodes/build/share/eccodes/definitions/grib2/template.4.31.def
+ /home/ubuntu/environment/python_grib/Sources_Eccodes/build/bin/codes_parser /home/ubuntu/environment/python_grib/Sources_Eccodes/build/share/eccodes/definitions/grib2/template.7.2.def
+ /home/ubuntu/environment/python_grib/Sources_Eccodes/build/bin/codes_parser /home/ubuntu/environment/python_grib/Sources_Eccodes/build/share/eccodes/definitions/grib2/template.7.50002.def
+ /home/ubuntu/environment/python_grib/Sources_Eccodes/build/bin/codes_parser /home/ubuntu/environment/python_grib/Sources_Eccodes/build/share/eccodes/definitions/grib2/local.98.def
+ /home/ubuntu/environment/python_grib/Sources_Eccodes/build/bin/codes_parser /home/ubuntu/environment/python_grib/Sources_Eccodes/build/share/eccodes/definitions/grib2/local.98.41.def
+ /home/ubuntu/environment/python_grib/Sources_Eccodes/build/bin/codes_parser /home/ubuntu/environment/python_grib/Sources_Eccodes/build/share/eccodes/definitions/grib2/template.4.77.def
+ /home/ubuntu/environment/python_grib/Sources_Eccodes/build/bin/codes_parser /home/ubuntu/environment/python_grib/Sources_Eccodes/build/share/eccodes/definitions/grib2/template.5.53.def
+ /home/ubuntu/environment/python_grib/Sources_Eccodes/build/bin/codes_parser /home/ubuntu/environment/python_grib/Sources_Eccodes/build/share/eccodes/definitions/grib2/template.4.42.def
+ /home/ubuntu/environment/python_grib/Sources_Eccodes/build/bin/codes_parser /home/ubuntu/environment/python_grib/Sources_Eccodes/build/share/eccodes/definitions/grib2/template.3.41.def
+ /home/ubuntu/environment/python_grib/Sources_Eccodes/build/bin/codes_parser /home/ubuntu/environment/python_grib/Sources_Eccodes/build/share/eccodes/definitions/grib2/template.4.1002.def
+ /home/ubuntu/environment/python_grib/Sources_Eccodes/build/bin/codes_parser /home/ubuntu/environment/python_grib/Sources_Eccodes/build/share/eccodes/definitions/grib2/cfName.def
+ /home/ubuntu/environment/python_grib/Sources_Eccodes/build/bin/codes_parser /home/ubuntu/environment/python_grib/Sources_Eccodes/build/share/eccodes/definitions/grib2/template.3.100.def
+ /home/ubuntu/environment/python_grib/Sources_Eccodes/build/bin/codes_parser /home/ubuntu/environment/python_grib/Sources_Eccodes/build/share/eccodes/definitions/grib2/template.5.41.def
+ /home/ubuntu/environment/python_grib/Sources_Eccodes/build/bin/codes_parser /home/ubuntu/environment/python_grib/Sources_Eccodes/build/share/eccodes/definitions/grib2/template.5.original_values.def
+ /home/ubuntu/environment/python_grib/Sources_Eccodes/build/bin/codes_parser /home/ubuntu/environment/python_grib/Sources_Eccodes/build/share/eccodes/definitions/grib2/template.4.10.def
+ /home/ubuntu/environment/python_grib/Sources_Eccodes/build/bin/codes_parser /home/ubuntu/environment/python_grib/Sources_Eccodes/build/share/eccodes/definitions/grib2/template.4.51.def
+ /home/ubuntu/environment/python_grib/Sources_Eccodes/build/bin/codes_parser /home/ubuntu/environment/python_grib/Sources_Eccodes/build/share/eccodes/definitions/grib2/template.3.62.def
+ /home/ubuntu/environment/python_grib/Sources_Eccodes/build/bin/codes_parser /home/ubuntu/environment/python_grib/Sources_Eccodes/build/share/eccodes/definitions/grib2/template.4.60.def
+ /home/ubuntu/environment/python_grib/Sources_Eccodes/build/bin/codes_parser /home/ubuntu/environment/python_grib/Sources_Eccodes/build/share/eccodes/definitions/grib2/template.4.57.def
+ /home/ubuntu/environment/python_grib/Sources_Eccodes/build/bin/codes_parser /home/ubuntu/environment/python_grib/Sources_Eccodes/build/share/eccodes/definitions/grib2/template.4.81.def
+ /home/ubuntu/environment/python_grib/Sources_Eccodes/build/bin/codes_parser /home/ubuntu/environment/python_grib/Sources_Eccodes/build/share/eccodes/definitions/grib2/template.3.61.def
+ /home/ubuntu/environment/python_grib/Sources_Eccodes/build/bin/codes_parser /home/ubuntu/environment/python_grib/Sources_Eccodes/build/share/eccodes/definitions/grib2/template.3.2.def
+ /home/ubuntu/environment/python_grib/Sources_Eccodes/build/bin/codes_parser /home/ubuntu/environment/python_grib/Sources_Eccodes/build/share/eccodes/definitions/grib2/template.3.scanning_mode.def
+ /home/ubuntu/environment/python_grib/Sources_Eccodes/build/bin/codes_parser /home/ubuntu/environment/python_grib/Sources_Eccodes/build/share/eccodes/definitions/grib2/section.3.def
+ /home/ubuntu/environment/python_grib/Sources_Eccodes/build/bin/codes_parser /home/ubuntu/environment/python_grib/Sources_Eccodes/build/share/eccodes/definitions/grib2/template.4.40034.def
+ /home/ubuntu/environment/python_grib/Sources_Eccodes/build/bin/codes_parser /home/ubuntu/environment/python_grib/Sources_Eccodes/build/share/eccodes/definitions/grib2/local.98.5.def
+ /home/ubuntu/environment/python_grib/Sources_Eccodes/build/bin/codes_parser /home/ubuntu/environment/python_grib/Sources_Eccodes/build/share/eccodes/definitions/grib2/template.3.31.def
+ /home/ubuntu/environment/python_grib/Sources_Eccodes/build/bin/codes_parser /home/ubuntu/environment/python_grib/Sources_Eccodes/build/share/eccodes/definitions/grib2/template.second_order.def
+ /home/ubuntu/environment/python_grib/Sources_Eccodes/build/bin/codes_parser /home/ubuntu/environment/python_grib/Sources_Eccodes/build/share/eccodes/definitions/grib2/template.4.5.def
+ /home/ubuntu/environment/python_grib/Sources_Eccodes/build/bin/codes_parser /home/ubuntu/environment/python_grib/Sources_Eccodes/build/share/eccodes/definitions/grib2/local.98.28.def
+ /home/ubuntu/environment/python_grib/Sources_Eccodes/build/bin/codes_parser /home/ubuntu/environment/python_grib/Sources_Eccodes/build/share/eccodes/definitions/grib2/local.98.38.def
+ /home/ubuntu/environment/python_grib/Sources_Eccodes/build/bin/codes_parser /home/ubuntu/environment/python_grib/Sources_Eccodes/build/share/eccodes/definitions/grib2/local.98.15.def
+ /home/ubuntu/environment/python_grib/Sources_Eccodes/build/bin/codes_parser /home/ubuntu/environment/python_grib/Sources_Eccodes/build/share/eccodes/definitions/grib2/template.4.34.def
+ /home/ubuntu/environment/python_grib/Sources_Eccodes/build/bin/codes_parser /home/ubuntu/environment/python_grib/Sources_Eccodes/build/share/eccodes/definitions/grib2/template.3.130.def
+ /home/ubuntu/environment/python_grib/Sources_Eccodes/build/bin/codes_parser /home/ubuntu/environment/python_grib/Sources_Eccodes/build/share/eccodes/definitions/grib2/template.4.76.def
+ /home/ubuntu/environment/python_grib/Sources_Eccodes/build/bin/codes_parser /home/ubuntu/environment/python_grib/Sources_Eccodes/build/share/eccodes/definitions/grib2/template.3.20.def
+ /home/ubuntu/environment/python_grib/Sources_Eccodes/build/bin/codes_parser /home/ubuntu/environment/python_grib/Sources_Eccodes/build/share/eccodes/definitions/grib2/template.7.50000.def
+ /home/ubuntu/environment/python_grib/Sources_Eccodes/build/bin/codes_parser /home/ubuntu/environment/python_grib/Sources_Eccodes/build/share/eccodes/definitions/grib2/section.8.def
+ /home/ubuntu/environment/python_grib/Sources_Eccodes/build/bin/codes_parser /home/ubuntu/environment/python_grib/Sources_Eccodes/build/share/eccodes/definitions/grib2/template.4.91.def
+ /home/ubuntu/environment/python_grib/Sources_Eccodes/build/bin/codes_parser /home/ubuntu/environment/python_grib/Sources_Eccodes/build/share/eccodes/definitions/grib2/local.85.0.def
+ /home/ubuntu/environment/python_grib/Sources_Eccodes/build/bin/codes_parser /home/ubuntu/environment/python_grib/Sources_Eccodes/build/share/eccodes/definitions/grib2/template.4.13.def
+ /home/ubuntu/environment/python_grib/Sources_Eccodes/build/bin/codes_parser /home/ubuntu/environment/python_grib/Sources_Eccodes/build/share/eccodes/definitions/grib2/products_uerra.def
+ /home/ubuntu/environment/python_grib/Sources_Eccodes/build/bin/codes_parser /home/ubuntu/environment/python_grib/Sources_Eccodes/build/share/eccodes/definitions/grib2/template.1.1.def
+ /home/ubuntu/environment/python_grib/Sources_Eccodes/build/bin/codes_parser /home/ubuntu/environment/python_grib/Sources_Eccodes/build/share/eccodes/definitions/grib2/template.4.44.def
+ /home/ubuntu/environment/python_grib/Sources_Eccodes/build/bin/codes_parser /home/ubuntu/environment/python_grib/Sources_Eccodes/build/share/eccodes/definitions/grib2/template.7.50001.def
+ /home/ubuntu/environment/python_grib/Sources_Eccodes/build/bin/codes_parser /home/ubuntu/environment/python_grib/Sources_Eccodes/build/share/eccodes/definitions/grib2/template.4.parameter_aerosol_source.def
+ /home/ubuntu/environment/python_grib/Sources_Eccodes/build/bin/codes_parser /home/ubuntu/environment/python_grib/Sources_Eccodes/build/share/eccodes/definitions/grib2/products_7.def
+ /home/ubuntu/environment/python_grib/Sources_Eccodes/build/bin/codes_parser /home/ubuntu/environment/python_grib/Sources_Eccodes/build/share/eccodes/definitions/grib2/template.4.311.def
+ /home/ubuntu/environment/python_grib/Sources_Eccodes/build/bin/codes_parser /home/ubuntu/environment/python_grib/Sources_Eccodes/build/share/eccodes/definitions/grib2/template.5.50001.def
+ /home/ubuntu/environment/python_grib/Sources_Eccodes/build/bin/codes_parser /home/ubuntu/environment/python_grib/Sources_Eccodes/build/share/eccodes/definitions/grib2/template.7.40010.def
+ /home/ubuntu/environment/python_grib/Sources_Eccodes/build/bin/codes_parser /home/ubuntu/environment/python_grib/Sources_Eccodes/build/share/eccodes/definitions/grib2/template.4.parameter_aerosol_optical_source.def
+ /home/ubuntu/environment/python_grib/Sources_Eccodes/build/bin/codes_parser /home/ubuntu/environment/python_grib/Sources_Eccodes/build/share/eccodes/definitions/grib2/local.98.1.def
+ /home/ubuntu/environment/python_grib/Sources_Eccodes/build/bin/codes_parser /home/ubuntu/environment/python_grib/Sources_Eccodes/build/share/eccodes/definitions/grib2/template.3.51.def
+ /home/ubuntu/environment/python_grib/Sources_Eccodes/build/bin/codes_parser /home/ubuntu/environment/python_grib/Sources_Eccodes/build/share/eccodes/definitions/grib2/template.3.0.def
+ /home/ubuntu/environment/python_grib/Sources_Eccodes/build/bin/codes_parser /home/ubuntu/environment/python_grib/Sources_Eccodes/build/share/eccodes/definitions/grib2/template.3.10.def
+ /home/ubuntu/environment/python_grib/Sources_Eccodes/build/bin/codes_parser /home/ubuntu/environment/python_grib/Sources_Eccodes/build/share/eccodes/definitions/grib2/template.7.0.def
+ /home/ubuntu/environment/python_grib/Sources_Eccodes/build/bin/codes_parser /home/ubuntu/environment/python_grib/Sources_Eccodes/build/share/eccodes/definitions/grib2/template.3.110.def
+ /home/ubuntu/environment/python_grib/Sources_Eccodes/build/bin/codes_parser /home/ubuntu/environment/python_grib/Sources_Eccodes/build/share/eccodes/definitions/grib2/template.5.4.def
+ /home/ubuntu/environment/python_grib/Sources_Eccodes/build/bin/codes_parser /home/ubuntu/environment/python_grib/Sources_Eccodes/build/share/eccodes/definitions/grib2/section.5.def
+ /home/ubuntu/environment/python_grib/Sources_Eccodes/build/bin/codes_parser /home/ubuntu/environment/python_grib/Sources_Eccodes/build/share/eccodes/definitions/grib2/template.4.point_in_time.def
+ /home/ubuntu/environment/python_grib/Sources_Eccodes/build/bin/codes_parser /home/ubuntu/environment/python_grib/Sources_Eccodes/build/share/eccodes/definitions/grib2/template.3.shape_of_the_earth.def
+ /home/ubuntu/environment/python_grib/Sources_Eccodes/build/bin/codes_parser /home/ubuntu/environment/python_grib/Sources_Eccodes/build/share/eccodes/definitions/grib2/local.98.300.def
+ /home/ubuntu/environment/python_grib/Sources_Eccodes/build/bin/codes_parser /home/ubuntu/environment/python_grib/Sources_Eccodes/build/share/eccodes/definitions/grib2/template.7.61.def
+ /home/ubuntu/environment/python_grib/Sources_Eccodes/build/bin/codes_parser /home/ubuntu/environment/python_grib/Sources_Eccodes/build/share/eccodes/definitions/grib2/template.5.3.def
+ /home/ubuntu/environment/python_grib/Sources_Eccodes/build/bin/codes_parser /home/ubuntu/environment/python_grib/Sources_Eccodes/build/share/eccodes/definitions/grib2/template.4.43.def
+ /home/ubuntu/environment/python_grib/Sources_Eccodes/build/bin/codes_parser /home/ubuntu/environment/python_grib/Sources_Eccodes/build/share/eccodes/definitions/grib2/template.3.grid.def
+ /home/ubuntu/environment/python_grib/Sources_Eccodes/build/bin/codes_parser /home/ubuntu/environment/python_grib/Sources_Eccodes/build/share/eccodes/definitions/grib2/parameters.def
+ /home/ubuntu/environment/python_grib/Sources_Eccodes/build/bin/codes_parser /home/ubuntu/environment/python_grib/Sources_Eccodes/build/share/eccodes/definitions/grib2/local.98.192.def
+ /home/ubuntu/environment/python_grib/Sources_Eccodes/build/bin/codes_parser /home/ubuntu/environment/python_grib/Sources_Eccodes/build/share/eccodes/definitions/grib2/template.4.53.def
+ /home/ubuntu/environment/python_grib/Sources_Eccodes/build/bin/codes_parser /home/ubuntu/environment/python_grib/Sources_Eccodes/build/share/eccodes/definitions/grib2/template.7.40.def
+ /home/ubuntu/environment/python_grib/Sources_Eccodes/build/bin/codes_parser /home/ubuntu/environment/python_grib/Sources_Eccodes/build/share/eccodes/definitions/grib2/products_9.def
+ /home/ubuntu/environment/python_grib/Sources_Eccodes/build/bin/codes_parser /home/ubuntu/environment/python_grib/Sources_Eccodes/build/share/eccodes/definitions/grib2/template.5.40.def
+ /home/ubuntu/environment/python_grib/Sources_Eccodes/build/bin/codes_parser /home/ubuntu/environment/python_grib/Sources_Eccodes/build/share/eccodes/definitions/grib2/template.4.11.def
+ /home/ubuntu/environment/python_grib/Sources_Eccodes/build/bin/codes_parser /home/ubuntu/environment/python_grib/Sources_Eccodes/build/share/eccodes/definitions/grib2/template.3.lam.def
+ /home/ubuntu/environment/python_grib/Sources_Eccodes/build/bin/codes_parser /home/ubuntu/environment/python_grib/Sources_Eccodes/build/share/eccodes/definitions/grib2/template.4.80.def
+ /home/ubuntu/environment/python_grib/Sources_Eccodes/build/bin/codes_parser /home/ubuntu/environment/python_grib/Sources_Eccodes/build/share/eccodes/definitions/grib2/template.5.40000.def
+ /home/ubuntu/environment/python_grib/Sources_Eccodes/build/bin/codes_parser /home/ubuntu/environment/python_grib/Sources_Eccodes/build/share/eccodes/definitions/grib2/local.82.def
+ /home/ubuntu/environment/python_grib/Sources_Eccodes/build/bin/codes_parser /home/ubuntu/environment/python_grib/Sources_Eccodes/build/share/eccodes/definitions/grib2/template.4.reforecast.def
+ /home/ubuntu/environment/python_grib/Sources_Eccodes/build/bin/codes_parser /home/ubuntu/environment/python_grib/Sources_Eccodes/build/share/eccodes/definitions/grib2/template.4.eps.def
+ /home/ubuntu/environment/python_grib/Sources_Eccodes/build/bin/codes_parser /home/ubuntu/environment/python_grib/Sources_Eccodes/build/share/eccodes/definitions/grib2/template.4.67.def
+ /home/ubuntu/environment/python_grib/Sources_Eccodes/build/bin/codes_parser /home/ubuntu/environment/python_grib/Sources_Eccodes/build/share/eccodes/definitions/grib2/template.4.55.def
+ /home/ubuntu/environment/python_grib/Sources_Eccodes/build/bin/codes_parser /home/ubuntu/environment/python_grib/Sources_Eccodes/build/share/eccodes/definitions/grib2/template.3.resolution_flags.def
+ /home/ubuntu/environment/python_grib/Sources_Eccodes/build/bin/codes_parser /home/ubuntu/environment/python_grib/Sources_Eccodes/build/share/eccodes/definitions/grib2/template.4.82.def
+ /home/ubuntu/environment/python_grib/Sources_Eccodes/build/bin/codes_parser /home/ubuntu/environment/python_grib/Sources_Eccodes/build/share/eccodes/definitions/grib2/template.4.horizontal.def
+ /home/ubuntu/environment/python_grib/Sources_Eccodes/build/bin/codes_parser /home/ubuntu/environment/python_grib/Sources_Eccodes/build/share/eccodes/definitions/grib2/template.4.2000.def
+ /home/ubuntu/environment/python_grib/Sources_Eccodes/build/bin/codes_parser /home/ubuntu/environment/python_grib/Sources_Eccodes/build/share/eccodes/definitions/grib2/ls.def
+ /home/ubuntu/environment/python_grib/Sources_Eccodes/build/bin/codes_parser /home/ubuntu/environment/python_grib/Sources_Eccodes/build/share/eccodes/definitions/hdf5/boot.def
+ /home/ubuntu/environment/python_grib/Sources_Eccodes/build/bin/codes_parser /home/ubuntu/environment/python_grib/Sources_Eccodes/build/share/eccodes/definitions/budg/section.4.def
+ /home/ubuntu/environment/python_grib/Sources_Eccodes/build/bin/codes_parser /home/ubuntu/environment/python_grib/Sources_Eccodes/build/share/eccodes/definitions/budg/mars_labeling.def
+ /home/ubuntu/environment/python_grib/Sources_Eccodes/build/bin/codes_parser /home/ubuntu/environment/python_grib/Sources_Eccodes/build/share/eccodes/definitions/budg/boot.def
+ /home/ubuntu/environment/python_grib/Sources_Eccodes/build/bin/codes_parser /home/ubuntu/environment/python_grib/Sources_Eccodes/build/share/eccodes/definitions/budg/section.1.def
+ /home/ubuntu/environment/python_grib/Sources_Eccodes/build/bin/codes_parser /home/ubuntu/environment/python_grib/Sources_Eccodes/build/share/eccodes/definitions/gts/boot.def
+ /home/ubuntu/environment/python_grib/Sources_Eccodes/build/bin/codes_parser /home/ubuntu/environment/python_grib/Sources_Eccodes/build/share/eccodes/definitions/boot.def
+ /home/ubuntu/environment/python_grib/Sources_Eccodes/build/bin/codes_parser /home/ubuntu/environment/python_grib/Sources_Eccodes/build/share/eccodes/definitions/bufr/boot_edition_0.def
+ /home/ubuntu/environment/python_grib/Sources_Eccodes/build/bin/codes_parser /home/ubuntu/environment/python_grib/Sources_Eccodes/build/share/eccodes/definitions/bufr/boot_edition_1.def
+ /home/ubuntu/environment/python_grib/Sources_Eccodes/build/bin/codes_parser /home/ubuntu/environment/python_grib/Sources_Eccodes/build/share/eccodes/definitions/bufr/tables/0/wmo/32/sequence.def
+ /home/ubuntu/environment/python_grib/Sources_Eccodes/build/bin/codes_parser /home/ubuntu/environment/python_grib/Sources_Eccodes/build/share/eccodes/definitions/bufr/tables/0/wmo/17/sequence.def
+ /home/ubuntu/environment/python_grib/Sources_Eccodes/build/bin/codes_parser /home/ubuntu/environment/python_grib/Sources_Eccodes/build/share/eccodes/definitions/bufr/tables/0/wmo/12/sequence.def
+ /home/ubuntu/environment/python_grib/Sources_Eccodes/build/bin/codes_parser /home/ubuntu/environment/python_grib/Sources_Eccodes/build/share/eccodes/definitions/bufr/tables/0/wmo/6/sequence.def
+ /home/ubuntu/environment/python_grib/Sources_Eccodes/build/bin/codes_parser /home/ubuntu/environment/python_grib/Sources_Eccodes/build/share/eccodes/definitions/bufr/tables/0/wmo/14/sequence.def
+ /home/ubuntu/environment/python_grib/Sources_Eccodes/build/bin/codes_parser /home/ubuntu/environment/python_grib/Sources_Eccodes/build/share/eccodes/definitions/bufr/tables/0/wmo/21/sequence.def
+ /home/ubuntu/environment/python_grib/Sources_Eccodes/build/bin/codes_parser /home/ubuntu/environment/python_grib/Sources_Eccodes/build/share/eccodes/definitions/bufr/tables/0/wmo/23/sequence.def
+ /home/ubuntu/environment/python_grib/Sources_Eccodes/build/bin/codes_parser /home/ubuntu/environment/python_grib/Sources_Eccodes/build/share/eccodes/definitions/bufr/tables/0/wmo/8/sequence.def
+ /home/ubuntu/environment/python_grib/Sources_Eccodes/build/bin/codes_parser /home/ubuntu/environment/python_grib/Sources_Eccodes/build/share/eccodes/definitions/bufr/tables/0/wmo/22/sequence.def
+ /home/ubuntu/environment/python_grib/Sources_Eccodes/build/bin/codes_parser /home/ubuntu/environment/python_grib/Sources_Eccodes/build/share/eccodes/definitions/bufr/tables/0/wmo/19/sequence.def
+ /home/ubuntu/environment/python_grib/Sources_Eccodes/build/bin/codes_parser /home/ubuntu/environment/python_grib/Sources_Eccodes/build/share/eccodes/definitions/bufr/tables/0/wmo/29/sequence.def
+ /home/ubuntu/environment/python_grib/Sources_Eccodes/build/bin/codes_parser /home/ubuntu/environment/python_grib/Sources_Eccodes/build/share/eccodes/definitions/bufr/tables/0/wmo/25/sequence.def
+ /home/ubuntu/environment/python_grib/Sources_Eccodes/build/bin/codes_parser /home/ubuntu/environment/python_grib/Sources_Eccodes/build/share/eccodes/definitions/bufr/tables/0/wmo/15/sequence.def
+ /home/ubuntu/environment/python_grib/Sources_Eccodes/build/bin/codes_parser /home/ubuntu/environment/python_grib/Sources_Eccodes/build/share/eccodes/definitions/bufr/tables/0/wmo/9/sequence.def
+ /home/ubuntu/environment/python_grib/Sources_Eccodes/build/bin/codes_parser /home/ubuntu/environment/python_grib/Sources_Eccodes/build/share/eccodes/definitions/bufr/tables/0/wmo/27/sequence.def
+ /home/ubuntu/environment/python_grib/Sources_Eccodes/build/bin/codes_parser /home/ubuntu/environment/python_grib/Sources_Eccodes/build/share/eccodes/definitions/bufr/tables/0/wmo/18/sequence.def
+ /home/ubuntu/environment/python_grib/Sources_Eccodes/build/bin/codes_parser /home/ubuntu/environment/python_grib/Sources_Eccodes/build/share/eccodes/definitions/bufr/tables/0/wmo/30/sequence.def
+ /home/ubuntu/environment/python_grib/Sources_Eccodes/build/bin/codes_parser /home/ubuntu/environment/python_grib/Sources_Eccodes/build/share/eccodes/definitions/bufr/tables/0/wmo/11/sequence.def
+ /home/ubuntu/environment/python_grib/Sources_Eccodes/build/bin/codes_parser /home/ubuntu/environment/python_grib/Sources_Eccodes/build/share/eccodes/definitions/bufr/tables/0/wmo/10/sequence.def
+ /home/ubuntu/environment/python_grib/Sources_Eccodes/build/bin/codes_parser /home/ubuntu/environment/python_grib/Sources_Eccodes/build/share/eccodes/definitions/bufr/tables/0/wmo/33/sequence.def
+ /home/ubuntu/environment/python_grib/Sources_Eccodes/build/bin/codes_parser /home/ubuntu/environment/python_grib/Sources_Eccodes/build/share/eccodes/definitions/bufr/tables/0/wmo/24/sequence.def
+ /home/ubuntu/environment/python_grib/Sources_Eccodes/build/bin/codes_parser /home/ubuntu/environment/python_grib/Sources_Eccodes/build/share/eccodes/definitions/bufr/tables/0/wmo/28/sequence.def
+ /home/ubuntu/environment/python_grib/Sources_Eccodes/build/bin/codes_parser /home/ubuntu/environment/python_grib/Sources_Eccodes/build/share/eccodes/definitions/bufr/tables/0/wmo/2/sequence.def
+ /home/ubuntu/environment/python_grib/Sources_Eccodes/build/bin/codes_parser /home/ubuntu/environment/python_grib/Sources_Eccodes/build/share/eccodes/definitions/bufr/tables/0/wmo/13/sequence.def
+ /home/ubuntu/environment/python_grib/Sources_Eccodes/build/bin/codes_parser /home/ubuntu/environment/python_grib/Sources_Eccodes/build/share/eccodes/definitions/bufr/tables/0/wmo/16/sequence.def
+ /home/ubuntu/environment/python_grib/Sources_Eccodes/build/bin/codes_parser /home/ubuntu/environment/python_grib/Sources_Eccodes/build/share/eccodes/definitions/bufr/tables/0/wmo/31/sequence.def
+ /home/ubuntu/environment/python_grib/Sources_Eccodes/build/bin/codes_parser /home/ubuntu/environment/python_grib/Sources_Eccodes/build/share/eccodes/definitions/bufr/tables/0/wmo/26/sequence.def
+ /home/ubuntu/environment/python_grib/Sources_Eccodes/build/bin/codes_parser /home/ubuntu/environment/python_grib/Sources_Eccodes/build/share/eccodes/definitions/bufr/tables/0/wmo/20/sequence.def
+ /home/ubuntu/environment/python_grib/Sources_Eccodes/build/bin/codes_parser /home/ubuntu/environment/python_grib/Sources_Eccodes/build/share/eccodes/definitions/bufr/tables/0/wmo/7/sequence.def
+ /home/ubuntu/environment/python_grib/Sources_Eccodes/build/bin/codes_parser /home/ubuntu/environment/python_grib/Sources_Eccodes/build/share/eccodes/definitions/bufr/tables/0/local/101/98/0/sequence.def
+ /home/ubuntu/environment/python_grib/Sources_Eccodes/build/bin/codes_parser /home/ubuntu/environment/python_grib/Sources_Eccodes/build/share/eccodes/definitions/bufr/tables/0/local/4/78/0/sequence.def
+ /home/ubuntu/environment/python_grib/Sources_Eccodes/build/bin/codes_parser /home/ubuntu/environment/python_grib/Sources_Eccodes/build/share/eccodes/definitions/bufr/tables/0/local/6/78/0/sequence.def
+ /home/ubuntu/environment/python_grib/Sources_Eccodes/build/bin/codes_parser /home/ubuntu/environment/python_grib/Sources_Eccodes/build/share/eccodes/definitions/bufr/tables/0/local/8/78/235/sequence.def
+ /home/ubuntu/environment/python_grib/Sources_Eccodes/build/bin/codes_parser /home/ubuntu/environment/python_grib/Sources_Eccodes/build/share/eccodes/definitions/bufr/tables/0/local/8/78/229/sequence.def
+ /home/ubuntu/environment/python_grib/Sources_Eccodes/build/bin/codes_parser /home/ubuntu/environment/python_grib/Sources_Eccodes/build/share/eccodes/definitions/bufr/tables/0/local/8/78/237/sequence.def
+ /home/ubuntu/environment/python_grib/Sources_Eccodes/build/bin/codes_parser /home/ubuntu/environment/python_grib/Sources_Eccodes/build/share/eccodes/definitions/bufr/tables/0/local/8/78/228/sequence.def
+ /home/ubuntu/environment/python_grib/Sources_Eccodes/build/bin/codes_parser /home/ubuntu/environment/python_grib/Sources_Eccodes/build/share/eccodes/definitions/bufr/tables/0/local/8/78/21/sequence.def
+ /home/ubuntu/environment/python_grib/Sources_Eccodes/build/bin/codes_parser /home/ubuntu/environment/python_grib/Sources_Eccodes/build/share/eccodes/definitions/bufr/tables/0/local/8/78/174/sequence.def
+ /home/ubuntu/environment/python_grib/Sources_Eccodes/build/bin/codes_parser /home/ubuntu/environment/python_grib/Sources_Eccodes/build/share/eccodes/definitions/bufr/tables/0/local/8/78/222/sequence.def
+ /home/ubuntu/environment/python_grib/Sources_Eccodes/build/bin/codes_parser /home/ubuntu/environment/python_grib/Sources_Eccodes/build/share/eccodes/definitions/bufr/tables/0/local/8/78/230/sequence.def
+ /home/ubuntu/environment/python_grib/Sources_Eccodes/build/bin/codes_parser /home/ubuntu/environment/python_grib/Sources_Eccodes/build/share/eccodes/definitions/bufr/tables/0/local/8/78/0/sequence.def
+ /home/ubuntu/environment/python_grib/Sources_Eccodes/build/bin/codes_parser /home/ubuntu/environment/python_grib/Sources_Eccodes/build/share/eccodes/definitions/bufr/tables/0/local/8/78/1/sequence.def
+ /home/ubuntu/environment/python_grib/Sources_Eccodes/build/bin/codes_parser /home/ubuntu/environment/python_grib/Sources_Eccodes/build/share/eccodes/definitions/bufr/tables/0/local/8/78/42/sequence.def
+ /home/ubuntu/environment/python_grib/Sources_Eccodes/build/bin/codes_parser /home/ubuntu/environment/python_grib/Sources_Eccodes/build/share/eccodes/definitions/bufr/tables/0/local/8/78/64/sequence.def
+ /home/ubuntu/environment/python_grib/Sources_Eccodes/build/bin/codes_parser /home/ubuntu/environment/python_grib/Sources_Eccodes/build/share/eccodes/definitions/bufr/tables/0/local/8/78/233/sequence.def
+ /home/ubuntu/environment/python_grib/Sources_Eccodes/build/bin/codes_parser /home/ubuntu/environment/python_grib/Sources_Eccodes/build/share/eccodes/definitions/bufr/tables/0/local/8/78/225/sequence.def
+ /home/ubuntu/environment/python_grib/Sources_Eccodes/build/bin/codes_parser /home/ubuntu/environment/python_grib/Sources_Eccodes/build/share/eccodes/definitions/bufr/tables/0/local/8/78/226/sequence.def
+ /home/ubuntu/environment/python_grib/Sources_Eccodes/build/bin/codes_parser /home/ubuntu/environment/python_grib/Sources_Eccodes/build/share/eccodes/definitions/bufr/tables/0/local/8/78/236/sequence.def
+ /home/ubuntu/environment/python_grib/Sources_Eccodes/build/bin/codes_parser /home/ubuntu/environment/python_grib/Sources_Eccodes/build/share/eccodes/definitions/bufr/tables/0/local/8/78/223/sequence.def
+ /home/ubuntu/environment/python_grib/Sources_Eccodes/build/bin/codes_parser /home/ubuntu/environment/python_grib/Sources_Eccodes/build/share/eccodes/definitions/bufr/tables/0/local/8/78/234/sequence.def
+ /home/ubuntu/environment/python_grib/Sources_Eccodes/build/bin/codes_parser /home/ubuntu/environment/python_grib/Sources_Eccodes/build/share/eccodes/definitions/bufr/tables/0/local/8/78/232/sequence.def
+ /home/ubuntu/environment/python_grib/Sources_Eccodes/build/bin/codes_parser /home/ubuntu/environment/python_grib/Sources_Eccodes/build/share/eccodes/definitions/bufr/tables/0/local/8/78/231/sequence.def
+ /home/ubuntu/environment/python_grib/Sources_Eccodes/build/bin/codes_parser /home/ubuntu/environment/python_grib/Sources_Eccodes/build/share/eccodes/definitions/bufr/tables/0/local/8/78/2/sequence.def
+ /home/ubuntu/environment/python_grib/Sources_Eccodes/build/bin/codes_parser /home/ubuntu/environment/python_grib/Sources_Eccodes/build/share/eccodes/definitions/bufr/tables/0/local/8/78/110/sequence.def
+ /home/ubuntu/environment/python_grib/Sources_Eccodes/build/bin/codes_parser /home/ubuntu/environment/python_grib/Sources_Eccodes/build/share/eccodes/definitions/bufr/tables/0/local/8/78/41/sequence.def
+ /home/ubuntu/environment/python_grib/Sources_Eccodes/build/bin/codes_parser /home/ubuntu/environment/python_grib/Sources_Eccodes/build/share/eccodes/definitions/bufr/tables/0/local/8/78/221/sequence.def
+ /home/ubuntu/environment/python_grib/Sources_Eccodes/build/bin/codes_parser /home/ubuntu/environment/python_grib/Sources_Eccodes/build/share/eccodes/definitions/bufr/tables/0/local/8/78/31/sequence.def
+ /home/ubuntu/environment/python_grib/Sources_Eccodes/build/bin/codes_parser /home/ubuntu/environment/python_grib/Sources_Eccodes/build/share/eccodes/definitions/bufr/tables/0/local/8/78/20/sequence.def
+ /home/ubuntu/environment/python_grib/Sources_Eccodes/build/bin/codes_parser /home/ubuntu/environment/python_grib/Sources_Eccodes/build/share/eccodes/definitions/bufr/tables/0/local/8/78/227/sequence.def
+ /home/ubuntu/environment/python_grib/Sources_Eccodes/build/bin/codes_parser /home/ubuntu/environment/python_grib/Sources_Eccodes/build/share/eccodes/definitions/bufr/tables/0/local/1/39/0/sequence.def
+ /home/ubuntu/environment/python_grib/Sources_Eccodes/build/bin/codes_parser /home/ubuntu/environment/python_grib/Sources_Eccodes/build/share/eccodes/definitions/bufr/tables/0/local/1/98/0/sequence.def
+ /home/ubuntu/environment/python_grib/Sources_Eccodes/build/bin/codes_parser /home/ubuntu/environment/python_grib/Sources_Eccodes/build/share/eccodes/definitions/bufr/tables/0/local/1/78/0/sequence.def
+ /home/ubuntu/environment/python_grib/Sources_Eccodes/build/bin/codes_parser /home/ubuntu/environment/python_grib/Sources_Eccodes/build/share/eccodes/definitions/bufr/tables/0/local/1/78/10/sequence.def
+ /home/ubuntu/environment/python_grib/Sources_Eccodes/build/bin/codes_parser /home/ubuntu/environment/python_grib/Sources_Eccodes/build/share/eccodes/definitions/bufr/tables/0/local/19-1/254/0/sequence.def
+ /home/ubuntu/environment/python_grib/Sources_Eccodes/build/bin/codes_parser /home/ubuntu/environment/python_grib/Sources_Eccodes/build/share/eccodes/definitions/bufr/tables/0/local/19-1/98/0/sequence.def
+ /home/ubuntu/environment/python_grib/Sources_Eccodes/build/bin/codes_parser /home/ubuntu/environment/python_grib/Sources_Eccodes/build/share/eccodes/definitions/bufr/tables/0/local/3/98/0/sequence.def
+ /home/ubuntu/environment/python_grib/Sources_Eccodes/build/bin/codes_parser /home/ubuntu/environment/python_grib/Sources_Eccodes/build/share/eccodes/definitions/bufr/tables/0/local/3/78/0/sequence.def
+ /home/ubuntu/environment/python_grib/Sources_Eccodes/build/bin/codes_parser /home/ubuntu/environment/python_grib/Sources_Eccodes/build/share/eccodes/definitions/bufr/tables/0/local/2/98/0/sequence.def
+ /home/ubuntu/environment/python_grib/Sources_Eccodes/build/bin/codes_parser /home/ubuntu/environment/python_grib/Sources_Eccodes/build/share/eccodes/definitions/bufr/tables/0/local/2/78/0/sequence.def
+ /home/ubuntu/environment/python_grib/Sources_Eccodes/build/bin/codes_parser /home/ubuntu/environment/python_grib/Sources_Eccodes/build/share/eccodes/definitions/bufr/tables/0/local/5/78/0/sequence.def
+ /home/ubuntu/environment/python_grib/Sources_Eccodes/build/bin/codes_parser /home/ubuntu/environment/python_grib/Sources_Eccodes/build/share/eccodes/definitions/bufr/tables/0/local/7/78/0/sequence.def
+ /home/ubuntu/environment/python_grib/Sources_Eccodes/build/bin/codes_parser /home/ubuntu/environment/python_grib/Sources_Eccodes/build/share/eccodes/definitions/bufr/tables/3/wmo/6/sequence.def
+ /home/ubuntu/environment/python_grib/Sources_Eccodes/build/bin/codes_parser /home/ubuntu/environment/python_grib/Sources_Eccodes/build/share/eccodes/definitions/bufr/tables/3/wmo/11/sequence.def
+ /home/ubuntu/environment/python_grib/Sources_Eccodes/build/bin/codes_parser /home/ubuntu/environment/python_grib/Sources_Eccodes/build/share/eccodes/definitions/bufr/tables/3/local/1/98/0/sequence.def
+ /home/ubuntu/environment/python_grib/Sources_Eccodes/build/bin/codes_parser /home/ubuntu/environment/python_grib/Sources_Eccodes/build/share/eccodes/definitions/bufr/section.4.def
+ /home/ubuntu/environment/python_grib/Sources_Eccodes/build/bin/codes_parser /home/ubuntu/environment/python_grib/Sources_Eccodes/build/share/eccodes/definitions/bufr/boot.def
[...]
+ anoffset=not_found
+ [ not_found = not_found ]
+ rm -f temp.sample.grib_efas.grib temp1.grib_efas.grib temp2.grib_efas.grib temp3.grib_efas.grib
<end of output>
Test time =   1.46 sec
----------------------------------------------------------
Test Passed.
"eccodes_t_grib_efas" end time: Feb 11 19:05 UTC
"eccodes_t_grib_efas" time elapsed: 00:00:01
----------------------------------------------------------

16/25 Testing: eccodes_t_grib_sh_imag
16/25 Test: eccodes_t_grib_sh_imag
Command: "/home/ubuntu/environment/python_grib/Sources_Eccodes/eccodes-2.15.0-Source/tests/grib_sh_imag.sh"
Directory: /home/ubuntu/environment/python_grib/Sources_Eccodes/build/tests
"eccodes_t_grib_sh_imag" start time: Feb 11 19:05 UTC
Output:
----------------------------------------------------------
+ proj_dir=/home/ubuntu/environment/python_grib/Sources_Eccodes/eccodes-2.15.0-Source
+ build_dir=/home/ubuntu/environment/python_grib/Sources_Eccodes/build
+ data_dir=/home/ubuntu/environment/python_grib/Sources_Eccodes/build/data
+ def_dir=/home/ubuntu/environment/python_grib/Sources_Eccodes/build/share/eccodes/definitions
+ ECCODES_DEFINITION_PATH=/home/ubuntu/environment/python_grib/Sources_Eccodes/build/share/eccodes/definitions
+ export ECCODES_DEFINITION_PATH
+ tools_dir=/home/ubuntu/environment/python_grib/Sources_Eccodes/build/bin
+ tigge_dir=/home/ubuntu/environment/python_grib/Sources_Eccodes/build/bin
+ EXEC=
+ test x != x
+ test_dir=/home/ubuntu/environment/python_grib/Sources_Eccodes/build/tests
+ samp_dir=/home/ubuntu/environment/python_grib/Sources_Eccodes/build/share/eccodes/samples
+ ECCODES_SAMPLES_PATH=/home/ubuntu/environment/python_grib/Sources_Eccodes/build/share/eccodes/samples
+ export ECCODES_SAMPLES_PATH
+ HAVE_JPEG=0
+ HAVE_LIBJASPER=0
+ HAVE_LIBOPENJPEG=0
+ HAVE_PNG=0
+ HAVE_AEC=0
+ HAVE_EXTRA_TESTS=0
+ HAVE_MEMFS=0
+ pwd
+ echo Current directory: /home/ubuntu/environment/python_grib/Sources_Eccodes/build/tests
Current directory: /home/ubuntu/environment/python_grib/Sources_Eccodes/build/tests
+ TEMP=output.grib_sh_imag.grib
+ /home/ubuntu/environment/python_grib/Sources_Eccodes/build/tests/grib_sh_imag output.grib_sh_imag.grib
ALL OK
+ rm -f output.grib_sh_imag.grib
<end of output>
Test time =   0.02 sec
----------------------------------------------------------
Test Passed.
"eccodes_t_grib_sh_imag" end time: Feb 11 19:05 UTC
"eccodes_t_grib_sh_imag" time elapsed: 00:00:00
----------------------------------------------------------

17/25 Testing: eccodes_c_grib_multi
17/25 Test: eccodes_c_grib_multi
Command: "/home/ubuntu/environment/python_grib/Sources_Eccodes/eccodes-2.15.0-Source/examples/C/grib_multi.sh"
Directory: /home/ubuntu/environment/python_grib/Sources_Eccodes/build/examples/C
"eccodes_c_grib_multi" start time: Feb 11 19:05 UTC
Output:
----------------------------------------------------------
+ proj_dir=/home/ubuntu/environment/python_grib/Sources_Eccodes/eccodes-2.15.0-Source
+ data_dir=/home/ubuntu/environment/python_grib/Sources_Eccodes/build/data
+ def_dir=/home/ubuntu/environment/python_grib/Sources_Eccodes/build/share/eccodes/definitions
+ ECCODES_DEFINITION_PATH=/home/ubuntu/environment/python_grib/Sources_Eccodes/build/share/eccodes/definitions
+ export ECCODES_DEFINITION_PATH
+ tools_dir=/home/ubuntu/environment/python_grib/Sources_Eccodes/build/bin
+ examples_dir=/home/ubuntu/environment/python_grib/Sources_Eccodes/build/examples/C
+ test x != x
+ samp_dir=/home/ubuntu/environment/python_grib/Sources_Eccodes/build/share/eccodes/samples
+ ECCODES_SAMPLES_PATH=/home/ubuntu/environment/python_grib/Sources_Eccodes/build/share/eccodes/samples
+ export ECCODES_SAMPLES_PATH
+ [ ! -f /home/ubuntu/environment/python_grib/Sources_Eccodes/build/data/multi.grib2 ]
+ echo SKIP test 1: /home/ubuntu/environment/python_grib/Sources_Eccodes/eccodes-2.15.0-Source/examples/C/grib_multi.sh
SKIP test 1: /home/ubuntu/environment/python_grib/Sources_Eccodes/eccodes-2.15.0-Source/examples/C/grib_multi.sh
+ [ ! -f /home/ubuntu/environment/python_grib/Sources_Eccodes/build/data/multi_created.grib2 ]
+ echo SKIP test 2: /home/ubuntu/environment/python_grib/Sources_Eccodes/eccodes-2.15.0-Source/examples/C/grib_multi.sh
SKIP test 2: /home/ubuntu/environment/python_grib/Sources_Eccodes/eccodes-2.15.0-Source/examples/C/grib_multi.sh
<end of output>
Test time =   0.01 sec
----------------------------------------------------------
Test Passed.
"eccodes_c_grib_multi" end time: Feb 11 19:05 UTC
"eccodes_c_grib_multi" time elapsed: 00:00:00
----------------------------------------------------------

18/25 Testing: eccodes_c_grib_set_data
18/25 Test: eccodes_c_grib_set_data
Command: "/home/ubuntu/environment/python_grib/Sources_Eccodes/eccodes-2.15.0-Source/examples/C/grib_set_data.sh"
Directory: /home/ubuntu/environment/python_grib/Sources_Eccodes/build/examples/C
"eccodes_c_grib_set_data" start time: Feb 11 19:05 UTC
Output:
----------------------------------------------------------
+ proj_dir=/home/ubuntu/environment/python_grib/Sources_Eccodes/eccodes-2.15.0-Source
+ data_dir=/home/ubuntu/environment/python_grib/Sources_Eccodes/build/data
+ def_dir=/home/ubuntu/environment/python_grib/Sources_Eccodes/build/share/eccodes/definitions
+ ECCODES_DEFINITION_PATH=/home/ubuntu/environment/python_grib/Sources_Eccodes/build/share/eccodes/definitions
+ export ECCODES_DEFINITION_PATH
+ tools_dir=/home/ubuntu/environment/python_grib/Sources_Eccodes/build/bin
+ examples_dir=/home/ubuntu/environment/python_grib/Sources_Eccodes/build/examples/C
+ test x != x
+ samp_dir=/home/ubuntu/environment/python_grib/Sources_Eccodes/build/share/eccodes/samples
+ ECCODES_SAMPLES_PATH=/home/ubuntu/environment/python_grib/Sources_Eccodes/build/share/eccodes/samples
+ export ECCODES_SAMPLES_PATH
+ OUT=temp.c_grib_set_data.out.grib
+ /home/ubuntu/environment/python_grib/Sources_Eccodes/build/examples/C/c_grib_set_data temp.c_grib_set_data.out.grib
Using samples path: /home/ubuntu/environment/python_grib/Sources_Eccodes/build/share/eccodes/samples
+ rm -f temp.c_grib_set_data.out.grib
<end of output>
Test time =   0.02 sec
----------------------------------------------------------
Test Passed.
"eccodes_c_grib_set_data" end time: Feb 11 19:05 UTC
"eccodes_c_grib_set_data" time elapsed: 00:00:00
----------------------------------------------------------

19/25 Testing: eccodes_c_large_grib1
19/25 Test: eccodes_c_large_grib1
Command: "/home/ubuntu/environment/python_grib/Sources_Eccodes/eccodes-2.15.0-Source/examples/C/large_grib1.sh"
Directory: /home/ubuntu/environment/python_grib/Sources_Eccodes/build/examples/C
"eccodes_c_large_grib1" start time: Feb 11 19:05 UTC
Output:
----------------------------------------------------------
+ proj_dir=/home/ubuntu/environment/python_grib/Sources_Eccodes/eccodes-2.15.0-Source
+ data_dir=/home/ubuntu/environment/python_grib/Sources_Eccodes/build/data
+ def_dir=/home/ubuntu/environment/python_grib/Sources_Eccodes/build/share/eccodes/definitions
+ ECCODES_DEFINITION_PATH=/home/ubuntu/environment/python_grib/Sources_Eccodes/build/share/eccodes/definitions
+ export ECCODES_DEFINITION_PATH
+ tools_dir=/home/ubuntu/environment/python_grib/Sources_Eccodes/build/bin
+ examples_dir=/home/ubuntu/environment/python_grib/Sources_Eccodes/build/examples/C
+ test x != x
+ samp_dir=/home/ubuntu/environment/python_grib/Sources_Eccodes/build/share/eccodes/samples
+ ECCODES_SAMPLES_PATH=/home/ubuntu/environment/python_grib/Sources_Eccodes/build/share/eccodes/samples
+ export ECCODES_SAMPLES_PATH
+ /home/ubuntu/environment/python_grib/Sources_Eccodes/build/examples/C/c_large_grib1
+ output=bigfile.grib
+ /home/ubuntu/environment/python_grib/Sources_Eccodes/build/bin/grib_ls bigfile.grib
+ rm -f bigfile.grib
<end of output>
Test time =   0.43 sec
----------------------------------------------------------
Test Passed.
"eccodes_c_large_grib1" end time: Feb 11 19:05 UTC
"eccodes_c_large_grib1" time elapsed: 00:00:00
----------------------------------------------------------

20/25 Testing: eccodes_c_grib_sections_copy
20/25 Test: eccodes_c_grib_sections_copy
Command: "/home/ubuntu/environment/python_grib/Sources_Eccodes/eccodes-2.15.0-Source/examples/C/grib_sections_copy.sh"
Directory: /home/ubuntu/environment/python_grib/Sources_Eccodes/build/examples/C
"eccodes_c_grib_sections_copy" start time: Feb 11 19:05 UTC
Output:
----------------------------------------------------------
+ proj_dir=/home/ubuntu/environment/python_grib/Sources_Eccodes/eccodes-2.15.0-Source
+ data_dir=/home/ubuntu/environment/python_grib/Sources_Eccodes/build/data
+ def_dir=/home/ubuntu/environment/python_grib/Sources_Eccodes/build/share/eccodes/definitions
+ ECCODES_DEFINITION_PATH=/home/ubuntu/environment/python_grib/Sources_Eccodes/build/share/eccodes/definitions
+ export ECCODES_DEFINITION_PATH
+ tools_dir=/home/ubuntu/environment/python_grib/Sources_Eccodes/build/bin
+ examples_dir=/home/ubuntu/environment/python_grib/Sources_Eccodes/build/examples/C
+ test x != x
+ samp_dir=/home/ubuntu/environment/python_grib/Sources_Eccodes/build/share/eccodes/samples
+ ECCODES_SAMPLES_PATH=/home/ubuntu/environment/python_grib/Sources_Eccodes/build/share/eccodes/samples
+ export ECCODES_SAMPLES_PATH
+ REGUL_GRID_FILE=/home/ubuntu/environment/python_grib/Sources_Eccodes/eccodes-2.15.0-Source/samples/regular_ll_sfc_grib2.tmpl
+ GAUSS_GRID_FILE=/home/ubuntu/environment/python_grib/Sources_Eccodes/eccodes-2.15.0-Source/samples/reduced_gg_pl_640_grib2.tmpl
+ OUTPUT=temp.sections.grib
+ /home/ubuntu/environment/python_grib/Sources_Eccodes/build/examples/C/c_grib_sections_copy /home/ubuntu/environment/python_grib/Sources_Eccodes/eccodes-2.15.0-Source/samples/regular_ll_sfc_grib2.tmpl /home/ubuntu/environment/python_grib/Sources_Eccodes/eccodes-2.15.0-Source/samples/reduced_gg_pl_640_grib2.tmpl g temp.sections.grib
+ /home/ubuntu/environment/python_grib/Sources_Eccodes/build/bin/grib_get -p gridType,date temp.sections.grib
+ grid_tmpl=regular_ll 20100912
+ [ regular_ll 20100912 = regular_ll 20100912 ]
+ /home/ubuntu/environment/python_grib/Sources_Eccodes/build/examples/C/c_grib_sections_copy /home/ubuntu/environment/python_grib/Sources_Eccodes/eccodes-2.15.0-Source/samples/reduced_gg_pl_640_grib2.tmpl /home/ubuntu/environment/python_grib/Sources_Eccodes/eccodes-2.15.0-Source/samples/regular_ll_sfc_grib2.tmpl g temp.sections.grib
+ /home/ubuntu/environment/python_grib/Sources_Eccodes/build/bin/grib_get -p gridType,date temp.sections.grib
+ grid_tmpl=reduced_gg 20070323
+ [ reduced_gg 20070323 = reduced_gg 20070323 ]
+ /home/ubuntu/environment/python_grib/Sources_Eccodes/build/examples/C/c_grib_sections_copy /home/ubuntu/environment/python_grib/Sources_Eccodes/eccodes-2.15.0-Source/samples/regular_ll_sfc_grib2.tmpl /home/ubuntu/environment/python_grib/Sources_Eccodes/eccodes-2.15.0-Source/samples/reduced_gg_pl_640_grib2.tmpl gp temp.sections.grib
+ /home/ubuntu/environment/python_grib/Sources_Eccodes/build/bin/grib_get -p gridType,date temp.sections.grib
+ grid_tmpl=regular_ll 20070323
+ [ regular_ll 20070323 = regular_ll 20070323 ]
+ /home/ubuntu/environment/python_grib/Sources_Eccodes/build/examples/C/c_grib_sections_copy /home/ubuntu/environment/python_grib/Sources_Eccodes/eccodes-2.15.0-Source/samples/regular_ll_sfc_grib2.tmpl /home/ubuntu/environment/python_grib/Sources_Eccodes/eccodes-2.15.0-Source/samples/reduced_gg_pl_640_grib2.tmpl p,l,g,d,b temp.sections.grib
+ /home/ubuntu/environment/python_grib/Sources_Eccodes/build/bin/grib_compare /home/ubuntu/environment/python_grib/Sources_Eccodes/eccodes-2.15.0-Source/samples/regular_ll_sfc_grib2.tmpl temp.sections.grib
+ rm -f temp.sections.grib
<end of output>
Test time =   0.16 sec
----------------------------------------------------------
Test Passed.
"eccodes_c_grib_sections_copy" end time: Feb 11 19:05 UTC
"eccodes_c_grib_sections_copy" time elapsed: 00:00:00
----------------------------------------------------------

21/25 Testing: eccodes_c_get_product_kind_samples
21/25 Test: eccodes_c_get_product_kind_samples
Command: "/home/ubuntu/environment/python_grib/Sources_Eccodes/eccodes-2.15.0-Source/examples/C/get_product_kind_samples.sh"
Directory: /home/ubuntu/environment/python_grib/Sources_Eccodes/build/examples/C
"eccodes_c_get_product_kind_samples" start time: Feb 11 19:05 UTC
Output:
----------------------------------------------------------
+ proj_dir=/home/ubuntu/environment/python_grib/Sources_Eccodes/eccodes-2.15.0-Source
+ data_dir=/home/ubuntu/environment/python_grib/Sources_Eccodes/build/data
+ def_dir=/home/ubuntu/environment/python_grib/Sources_Eccodes/build/share/eccodes/definitions
+ ECCODES_DEFINITION_PATH=/home/ubuntu/environment/python_grib/Sources_Eccodes/build/share/eccodes/definitions
+ export ECCODES_DEFINITION_PATH
+ tools_dir=/home/ubuntu/environment/python_grib/Sources_Eccodes/build/bin
+ examples_dir=/home/ubuntu/environment/python_grib/Sources_Eccodes/build/examples/C
+ test x != x
+ samp_dir=/home/ubuntu/environment/python_grib/Sources_Eccodes/build/share/eccodes/samples
+ ECCODES_SAMPLES_PATH=/home/ubuntu/environment/python_grib/Sources_Eccodes/build/share/eccodes/samples
+ export ECCODES_SAMPLES_PATH
+ label=get_product_kind_samples_c
+ fTmp=get_product_kind_samples_c.tmp
+ sample_grib1=/home/ubuntu/environment/python_grib/Sources_Eccodes/build/share/eccodes/samples/GRIB1.tmpl
+ /home/ubuntu/environment/python_grib/Sources_Eccodes/build/examples/C/c_get_product_kind /home/ubuntu/environment/python_grib/Sources_Eccodes/build/share/eccodes/samples/GRIB1.tmpl
+ grep -q product: GRIB get_product_kind_samples_c.tmp
+ sample_bufr4=/home/ubuntu/environment/python_grib/Sources_Eccodes/build/share/eccodes/samples/BUFR4.tmpl
+ /home/ubuntu/environment/python_grib/Sources_Eccodes/build/examples/C/c_get_product_kind /home/ubuntu/environment/python_grib/Sources_Eccodes/build/share/eccodes/samples/BUFR4.tmpl
+ grep -q product: BUFR get_product_kind_samples_c.tmp
+ rm -f get_product_kind_samples_c.tmp
<end of output>
Test time =   0.02 sec
----------------------------------------------------------
Test Passed.
"eccodes_c_get_product_kind_samples" end time: Feb 11 19:05 UTC
"eccodes_c_get_product_kind_samples" time elapsed: 00:00:00
----------------------------------------------------------

22/25 Testing: eccodes_c_new_sample
22/25 Test: eccodes_c_new_sample
Command: "/home/ubuntu/environment/python_grib/Sources_Eccodes/build/examples/C/eccodes_c_new_sample" "out.grib"
Directory: /home/ubuntu/environment/python_grib/Sources_Eccodes/build/examples/C
"eccodes_c_new_sample" start time: Feb 11 19:05 UTC
Output:
----------------------------------------------------------
<end of output>
Test time =   0.02 sec
----------------------------------------------------------
Test Passed.
"eccodes_c_new_sample" end time: Feb 11 19:05 UTC
"eccodes_c_new_sample" time elapsed: 00:00:00
----------------------------------------------------------

23/25 Testing: eccodes_f_grib_set_pv
23/25 Test: eccodes_f_grib_set_pv
Command: "/home/ubuntu/environment/python_grib/Sources_Eccodes/eccodes-2.15.0-Source/examples/F90/grib_set_pv.sh"
Directory: /home/ubuntu/environment/python_grib/Sources_Eccodes/build/examples/F90
"eccodes_f_grib_set_pv" start time: Feb 11 19:05 UTC
Output:
----------------------------------------------------------
+ proj_dir=/home/ubuntu/environment/python_grib/Sources_Eccodes/eccodes-2.15.0-Source
+ data_dir=/home/ubuntu/environment/python_grib/Sources_Eccodes/build/data
+ def_dir=/home/ubuntu/environment/python_grib/Sources_Eccodes/build/share/eccodes/definitions
+ ECCODES_DEFINITION_PATH=/home/ubuntu/environment/python_grib/Sources_Eccodes/build/share/eccodes/definitions
+ export ECCODES_DEFINITION_PATH
+ tools_dir=/home/ubuntu/environment/python_grib/Sources_Eccodes/build/bin
+ examples_dir=/home/ubuntu/environment/python_grib/Sources_Eccodes/build/examples/F90
+ test x != x
+ samp_dir=/home/ubuntu/environment/python_grib/Sources_Eccodes/build/share/eccodes/samples
+ ECCODES_SAMPLES_PATH=/home/ubuntu/environment/python_grib/Sources_Eccodes/build/share/eccodes/samples
+ export ECCODES_SAMPLES_PATH
+ /home/ubuntu/environment/python_grib/Sources_Eccodes/build/examples/F90/eccodes_f_grib_set_pv
+ rm -f out.pv.grib1
<end of output>
Test time =   0.09 sec
----------------------------------------------------------
Test Passed.
"eccodes_f_grib_set_pv" end time: Feb 11 19:05 UTC
"eccodes_f_grib_set_pv" time elapsed: 00:00:00
----------------------------------------------------------

24/25 Testing: eccodes_f_grib_set_data
24/25 Test: eccodes_f_grib_set_data
Command: "/home/ubuntu/environment/python_grib/Sources_Eccodes/eccodes-2.15.0-Source/examples/F90/grib_set_data.sh"
Directory: /home/ubuntu/environment/python_grib/Sources_Eccodes/build/examples/F90
"eccodes_f_grib_set_data" start time: Feb 11 19:05 UTC
Output:
----------------------------------------------------------
+ proj_dir=/home/ubuntu/environment/python_grib/Sources_Eccodes/eccodes-2.15.0-Source
+ data_dir=/home/ubuntu/environment/python_grib/Sources_Eccodes/build/data
+ def_dir=/home/ubuntu/environment/python_grib/Sources_Eccodes/build/share/eccodes/definitions
+ ECCODES_DEFINITION_PATH=/home/ubuntu/environment/python_grib/Sources_Eccodes/build/share/eccodes/definitions
+ export ECCODES_DEFINITION_PATH
+ tools_dir=/home/ubuntu/environment/python_grib/Sources_Eccodes/build/bin
+ examples_dir=/home/ubuntu/environment/python_grib/Sources_Eccodes/build/examples/F90
+ test x != x
+ samp_dir=/home/ubuntu/environment/python_grib/Sources_Eccodes/build/share/eccodes/samples
+ ECCODES_SAMPLES_PATH=/home/ubuntu/environment/python_grib/Sources_Eccodes/build/share/eccodes/samples
+ export ECCODES_SAMPLES_PATH
+ OUT=temp.f_grib_set_data.out.grib
+ /home/ubuntu/environment/python_grib/Sources_Eccodes/build/examples/F90/eccodes_f_grib_set_data temp.f_grib_set_data.out.grib
+ rm -f temp.f_grib_set_data.out.grib
<end of output>
Test time =   0.01 sec
----------------------------------------------------------
Test Passed.
"eccodes_f_grib_set_data" end time: Feb 11 19:05 UTC
"eccodes_f_grib_set_data" time elapsed: 00:00:00
----------------------------------------------------------

25/25 Testing: eccodes_f_grib_ecc-671
25/25 Test: eccodes_f_grib_ecc-671
Command: "/home/ubuntu/environment/python_grib/Sources_Eccodes/eccodes-2.15.0-Source/examples/F90/grib_ecc-671.sh"
Directory: /home/ubuntu/environment/python_grib/Sources_Eccodes/build/examples/F90
"eccodes_f_grib_ecc-671" start time: Feb 11 19:05 UTC
Output:
----------------------------------------------------------
+ proj_dir=/home/ubuntu/environment/python_grib/Sources_Eccodes/eccodes-2.15.0-Source
+ data_dir=/home/ubuntu/environment/python_grib/Sources_Eccodes/build/data
+ def_dir=/home/ubuntu/environment/python_grib/Sources_Eccodes/build/share/eccodes/definitions
+ ECCODES_DEFINITION_PATH=/home/ubuntu/environment/python_grib/Sources_Eccodes/build/share/eccodes/definitions
+ export ECCODES_DEFINITION_PATH
+ tools_dir=/home/ubuntu/environment/python_grib/Sources_Eccodes/build/bin
+ examples_dir=/home/ubuntu/environment/python_grib/Sources_Eccodes/build/examples/F90
+ test x != x
+ samp_dir=/home/ubuntu/environment/python_grib/Sources_Eccodes/build/share/eccodes/samples
+ ECCODES_SAMPLES_PATH=/home/ubuntu/environment/python_grib/Sources_Eccodes/build/share/eccodes/samples
+ export ECCODES_SAMPLES_PATH
+ exec /home/ubuntu/environment/python_grib/Sources_Eccodes/build/examples/F90/eccodes_f_grib_ecc-671
  CLNOMA1 = SUNSHI. DURATION 
  CLNOMA2 = SUNSHI. DURATION 
<end of output>
Test time =   0.02 sec
----------------------------------------------------------
Test Passed.
"eccodes_f_grib_ecc-671" end time: Feb 11 19:05 UTC
"eccodes_f_grib_ecc-671" time elapsed: 00:00:00
----------------------------------------------------------

End testing: Feb 11 19:05 UTC

eccodes =  15.11 sec*proc

executable =   0.02 sec*proc

script =  15.09 sec*proc

